;  LST file generated by mikroListExporter - v.2.0 
; Date/Time: 30/04/2024 22:16:44
;----------------------------------------------

;Address Opcode 	ASM
0x0000	0xF000EF24  	GOTO        72
_interrupt:
;Questao4.c,3 :: 		void interrupt(){
0x0008	0xF015C000  	MOVFF       R0, 21
;Questao4.c,4 :: 		if(TMR0IF_bit == 1){
0x000C	0xA4F2      	BTFSS       TMR0IF_bit, BitPos(TMR0IF_bit+0) 
0x000E	0xD011      	BRA         L_interrupt0
;Questao4.c,5 :: 		TMR0IF_bit = 0;
0x0010	0x94F2      	BCF         TMR0IF_bit, BitPos(TMR0IF_bit+0) 
;Questao4.c,6 :: 		cont2Hz++;
0x0012	0x2A16      	INCF        _cont2Hz, 1 
;Questao4.c,7 :: 		cont10Hz++;
0x0014	0x2A17      	INCF        _cont10Hz, 1 
;Questao4.c,8 :: 		if(cont2Hz == 250){
0x0016	0x5016      	MOVF        _cont2Hz, 0 
0x0018	0x0AFA      	XORLW       250
0x001A	0xE102      	BNZ         L_interrupt1
;Questao4.c,9 :: 		cont2Hz = 0;
0x001C	0x6A16      	CLRF        _cont2Hz 
;Questao4.c,10 :: 		RD0_bit = !RD0_bit;
0x001E	0x7083      	BTG         RD0_bit, BitPos(RD0_bit+0) 
;Questao4.c,11 :: 		}
L_interrupt1:
;Questao4.c,12 :: 		if(cont10Hz == 50){
0x0020	0x5017      	MOVF        _cont10Hz, 0 
0x0022	0x0A32      	XORLW       50
0x0024	0xE102      	BNZ         L_interrupt2
;Questao4.c,13 :: 		cont10Hz = 0;
0x0026	0x6A17      	CLRF        _cont10Hz 
;Questao4.c,14 :: 		RD1_bit = !RD1_bit;
0x0028	0x7283      	BTG         RD1_bit, BitPos(RD1_bit+0) 
;Questao4.c,15 :: 		}
L_interrupt2:
;Questao4.c,16 :: 		TMR0H = 0xF6;
0x002A	0x0EF6      	MOVLW       246
0x002C	0x6ED7      	MOVWF       TMR0H 
;Questao4.c,17 :: 		TMR0L = 0x3C;
0x002E	0x0E3C      	MOVLW       60
0x0030	0x6ED6      	MOVWF       TMR0L 
;Questao4.c,18 :: 		}
L_interrupt0:
;Questao4.c,19 :: 		}
L_end_interrupt:
L__interrupt6:
0x0032	0xF000C015  	MOVFF       21, R0
0x0036	0x0011      	RETFIE      1
; end of _interrupt
___CC2DW:
;__Lib_System.c,21 :: 		
;__Lib_System.c,23 :: 		
_CC2DL_Loop1:
;__Lib_System.c,24 :: 		
0x0038	0x0009      	TBLRD*+
;__Lib_System.c,25 :: 		
0x003A	0xFFE6CFF5  	MOVFF       TABLAT, POSTINC1
;__Lib_System.c,26 :: 		
0x003E	0x0600      	DECF        R0, 1, 0
;__Lib_System.c,27 :: 		
0x0040	0xE1FB      	BNZ         _CC2DL_Loop1
;__Lib_System.c,28 :: 		
0x0042	0x0601      	DECF        R1, 1, 0
;__Lib_System.c,29 :: 		
0x0044	0xE1F9      	BNZ         _CC2DL_Loop1
;__Lib_System.c,31 :: 		
L_end___CC2DW:
0x0046	0x0012      	RETURN      0
; end of ___CC2DW
_main:
0x0048	0x6A16      	CLRF        _cont2Hz 
0x004A	0x6A17      	CLRF        _cont10Hz 
;Questao4.c,21 :: 		void main() {
;Questao4.c,22 :: 		TrisB = 0xFF;
0x004C	0x0EFF      	MOVLW       255
0x004E	0x6E93      	MOVWF       TRISB 
;Questao4.c,23 :: 		TrisD = 0x00;
0x0050	0x6A95      	CLRF        TRISD 
;Questao4.c,24 :: 		PortB = 0xFF;
0x0052	0x0EFF      	MOVLW       255
0x0054	0x6E81      	MOVWF       PORTB 
;Questao4.c,25 :: 		PortD = 0xFF;
0x0056	0x0EFF      	MOVLW       255
0x0058	0x6E83      	MOVWF       PORTD 
;Questao4.c,26 :: 		ADCON1 = 0x0F;
0x005A	0x0E0F      	MOVLW       15
0x005C	0x6EC1      	MOVWF       ADCON1 
;Questao4.c,27 :: 		CMCON = 7;
0x005E	0x0E07      	MOVLW       7
0x0060	0x6EB4      	MOVWF       CMCON 
;Questao4.c,28 :: 		RBPU_bit = 0;
0x0062	0x9EF1      	BCF         RBPU_bit, BitPos(RBPU_bit+0) 
;Questao4.c,29 :: 		GIE_bit = 1;
0x0064	0x8EF2      	BSF         GIE_bit, BitPos(GIE_bit+0) 
;Questao4.c,30 :: 		PEIE_bit = 1;
0x0066	0x8CF2      	BSF         PEIE_bit, BitPos(PEIE_bit+0) 
;Questao4.c,31 :: 		TMR0IE_bit = 1;
0x0068	0x8AF2      	BSF         TMR0IE_bit, BitPos(TMR0IE_bit+0) 
;Questao4.c,32 :: 		T0CON = 0x80;
0x006A	0x0E80      	MOVLW       128
0x006C	0x6ED5      	MOVWF       T0CON 
;Questao4.c,33 :: 		TMR0H = 0xF6;
0x006E	0x0EF6      	MOVLW       246
0x0070	0x6ED7      	MOVWF       TMR0H 
;Questao4.c,34 :: 		TMR0L = 0x3C;
0x0072	0x0E3C      	MOVLW       60
0x0074	0x6ED6      	MOVWF       TMR0L 
;Questao4.c,35 :: 		while(1);
L_main3:
0x0076	0xD7FF      	BRA         L_main3
;Questao4.c,37 :: 		}
L_end_main:
0x0078	0xD7FF      	BRA         $+0
; end of _main
Symbol List:
//** Routines locations **
//ADDRESS    SIZE    PROCEDURE
//----------------------------------------------
0x0008      [48]    _interrupt
0x0038      [16]    ___CC2DW
0x0048      [50]    _main
//** Variables locations ** 
//ADDRESS    SIZE    VARIABLE
//----------------------------------------------
0x0000       [1]    R0
0x0001       [1]    R1
0x0002       [1]    R2
0x0003       [1]    R3
0x0004       [1]    R4
0x0005       [1]    R5
0x0006       [1]    R6
0x0007       [1]    R7
0x0008       [1]    R8
0x0009       [1]    R9
0x000A       [1]    R10
0x000B       [1]    R11
0x000C       [1]    R12
0x000D       [1]    R13
0x000E       [1]    R14
0x000F       [1]    R15
0x0010       [1]    R16
0x0011       [1]    R17
0x0012       [1]    R18
0x0013       [1]    R19
0x0014       [1]    R20
0x0016       [1]    _cont2Hz
0x0017       [1]    _cont10Hz
0x0F81       [1]    PORTB
0x0F83       [0]    RD0_bit
0x0F83       [1]    PORTD
0x0F83       [0]    RD1_bit
0x0F93       [1]    TRISB
0x0F95       [1]    TRISD
0x0FB4       [1]    CMCON
0x0FC1       [1]    ADCON1
0x0FD5       [1]    T0CON
0x0FD6       [1]    TMR0L
0x0FD7       [1]    TMR0H
0x0FD8       [1]    STATUS
0x0FD9       [1]    FSR2L
0x0FDA       [1]    FSR2H
0x0FDE       [1]    POSTINC2
0x0FE0       [1]    BSR
0x0FE1       [1]    FSR1L
0x0FE2       [1]    FSR1H
0x0FE4       [1]    PREINC1
0x0FE6       [1]    POSTINC1
0x0FE7       [1]    INDF1
0x0FE8       [1]    WREG
0x0FE9       [1]    FSR0L
0x0FEA       [1]    FSR0H
0x0FEE       [1]    POSTINC0
0x0FF1       [0]    RBPU_bit
0x0FF2       [0]    TMR0IF_bit
0x0FF2       [0]    TMR0IE_bit
0x0FF2       [0]    GIE_bit
0x0FF2       [0]    PEIE_bit
0x0FF3       [1]    PRODL
0x0FF4       [1]    PRODH
0x0FF5       [1]    TABLAT
0x0FF6       [1]    TBLPTRL
0x0FF7       [1]    TBLPTRH
0x0FF8       [1]    TBLPTRU
