;  LST file generated by mikroListExporter - v.2.0 
; Date/Time: 30/04/2024 16:18:04
;----------------------------------------------

;Address Opcode 	ASM
0x0000	0xF000EF4B  	GOTO        150
_interrupt:
;questao3.c,1 :: 		void interrupt(){
0x0008	0xF017C00B  	MOVFF       R11, 23
0x000C	0xF016C00C  	MOVFF       R12, 22
0x0010	0xF015C00D  	MOVFF       R13, 21
;questao3.c,2 :: 		if(INT1IF_bit){
0x0014	0xA0F0      	BTFSS       INT1IF_bit, BitPos(INT1IF_bit+0) 
0x0016	0xD01B      	BRA         L_interrupt0
;questao3.c,3 :: 		unsigned short i = 0;
0x0018	0x6A18      	CLRF        interrupt_i_L1 
;questao3.c,4 :: 		INT1IF_bit = 0;
0x001A	0x90F0      	BCF         INT1IF_bit, BitPos(INT1IF_bit+0) 
;questao3.c,5 :: 		TrisD = 0xF0;
0x001C	0x0EF0      	MOVLW       240
0x001E	0x6E95      	MOVWF       TRISD 
;questao3.c,6 :: 		while(i < 20){
L_interrupt1:
0x0020	0x0E14      	MOVLW       20
0x0022	0x5C18      	SUBWF       interrupt_i_L1, 0 
0x0024	0xE211      	BC          L_interrupt2
;questao3.c,7 :: 		PortD = ~PortD;
0x0026	0x1E83      	COMF        PORTD, 1 
;questao3.c,8 :: 		delay_ms(250);
0x0028	0x0E07      	MOVLW       7
0x002A	0x6E0B      	MOVWF       R11, 0
0x002C	0x0E58      	MOVLW       88
0x002E	0x6E0C      	MOVWF       R12, 0
0x0030	0x0E59      	MOVLW       89
0x0032	0x6E0D      	MOVWF       R13, 0
L_interrupt3:
0x0034	0x2E0D      	DECFSZ      R13, 1, 0
0x0036	0xD7FE      	BRA         L_interrupt3
0x0038	0x2E0C      	DECFSZ      R12, 1, 0
0x003A	0xD7FC      	BRA         L_interrupt3
0x003C	0x2E0B      	DECFSZ      R11, 1, 0
0x003E	0xD7FA      	BRA         L_interrupt3
0x0040	0x0000      	NOP
0x0042	0x0000      	NOP
;questao3.c,9 :: 		i++;
0x0044	0x2A18      	INCF        interrupt_i_L1, 1 
;questao3.c,10 :: 		}
0x0046	0xD7EC      	BRA         L_interrupt1
L_interrupt2:
;questao3.c,11 :: 		TrisD = 0x00;
0x0048	0x6A95      	CLRF        TRISD 
;questao3.c,12 :: 		PortD = 0xFF;
0x004A	0x0EFF      	MOVLW       255
0x004C	0x6E83      	MOVWF       PORTD 
;questao3.c,13 :: 		}
L_interrupt0:
;questao3.c,14 :: 		if(INT2IF_bit){
0x004E	0xA2F0      	BTFSS       INT2IF_bit, BitPos(INT2IF_bit+0) 
0x0050	0xD01B      	BRA         L_interrupt4
;questao3.c,15 :: 		unsigned short i = 0;
0x0052	0x6A19      	CLRF        interrupt_i_L1_L1 
;questao3.c,16 :: 		INT2IF_bit = 0;
0x0054	0x92F0      	BCF         INT2IF_bit, BitPos(INT2IF_bit+0) 
;questao3.c,17 :: 		TrisD = 0x0F;
0x0056	0x0E0F      	MOVLW       15
0x0058	0x6E95      	MOVWF       TRISD 
;questao3.c,18 :: 		while(i < 20){
L_interrupt5:
0x005A	0x0E14      	MOVLW       20
0x005C	0x5C19      	SUBWF       interrupt_i_L1_L1, 0 
0x005E	0xE211      	BC          L_interrupt6
;questao3.c,19 :: 		PortD = ~PortD;
0x0060	0x1E83      	COMF        PORTD, 1 
;questao3.c,20 :: 		delay_ms(250);
0x0062	0x0E07      	MOVLW       7
0x0064	0x6E0B      	MOVWF       R11, 0
0x0066	0x0E58      	MOVLW       88
0x0068	0x6E0C      	MOVWF       R12, 0
0x006A	0x0E59      	MOVLW       89
0x006C	0x6E0D      	MOVWF       R13, 0
L_interrupt7:
0x006E	0x2E0D      	DECFSZ      R13, 1, 0
0x0070	0xD7FE      	BRA         L_interrupt7
0x0072	0x2E0C      	DECFSZ      R12, 1, 0
0x0074	0xD7FC      	BRA         L_interrupt7
0x0076	0x2E0B      	DECFSZ      R11, 1, 0
0x0078	0xD7FA      	BRA         L_interrupt7
0x007A	0x0000      	NOP
0x007C	0x0000      	NOP
;questao3.c,21 :: 		i++;
0x007E	0x2A19      	INCF        interrupt_i_L1_L1, 1 
;questao3.c,22 :: 		}
0x0080	0xD7EC      	BRA         L_interrupt5
L_interrupt6:
;questao3.c,23 :: 		TrisD = 0x00;
0x0082	0x6A95      	CLRF        TRISD 
;questao3.c,24 :: 		PortD = 0xFF;
0x0084	0x0EFF      	MOVLW       255
0x0086	0x6E83      	MOVWF       PORTD 
;questao3.c,25 :: 		}
L_interrupt4:
;questao3.c,26 :: 		}
L_end_interrupt:
L__interrupt12:
0x0088	0xF00BC017  	MOVFF       23, R11
0x008C	0xF00CC016  	MOVFF       22, R12
0x0090	0xF00DC015  	MOVFF       21, R13
0x0094	0x0011      	RETFIE      1
; end of _interrupt
_main:
;questao3.c,27 :: 		void main() {
;questao3.c,28 :: 		TrisB = 0xFF;
0x0096	0x0EFF      	MOVLW       255
0x0098	0x6E93      	MOVWF       TRISB 
;questao3.c,29 :: 		TrisD = 0x00;
0x009A	0x6A95      	CLRF        TRISD 
;questao3.c,30 :: 		PortB = 0xFF;
0x009C	0x0EFF      	MOVLW       255
0x009E	0x6E81      	MOVWF       PORTB 
;questao3.c,31 :: 		PortD = 0xFF;
0x00A0	0x0EFF      	MOVLW       255
0x00A2	0x6E83      	MOVWF       PORTD 
;questao3.c,32 :: 		CMCON = 7;
0x00A4	0x0E07      	MOVLW       7
0x00A6	0x6EB4      	MOVWF       CMCON 
;questao3.c,33 :: 		GIE_bit = 1;
0x00A8	0x8EF2      	BSF         GIE_bit, BitPos(GIE_bit+0) 
;questao3.c,34 :: 		PEIE_bit = 1;
0x00AA	0x8CF2      	BSF         PEIE_bit, BitPos(PEIE_bit+0) 
;questao3.c,35 :: 		ADCON1 = 0x0F;
0x00AC	0x0E0F      	MOVLW       15
0x00AE	0x6EC1      	MOVWF       ADCON1 
;questao3.c,37 :: 		INT1IE_bit = 1;
0x00B0	0x86F0      	BSF         INT1IE_bit, BitPos(INT1IE_bit+0) 
;questao3.c,38 :: 		INT2IE_bit = 1;
0x00B2	0x88F0      	BSF         INT2IE_bit, BitPos(INT2IE_bit+0) 
;questao3.c,39 :: 		INTEDG1_bit = 1;
0x00B4	0x8AF1      	BSF         INTEDG1_bit, BitPos(INTEDG1_bit+0) 
;questao3.c,40 :: 		INTEDG2_bit = 1;
0x00B6	0x88F1      	BSF         INTEDG2_bit, BitPos(INTEDG2_bit+0) 
;questao3.c,41 :: 		IPEN_bit = 0;
0x00B8	0x9ED0      	BCF         IPEN_bit, BitPos(IPEN_bit+0) 
;questao3.c,42 :: 		while(1){
L_main8:
;questao3.c,43 :: 		PortD = ~PortD;
0x00BA	0x1E83      	COMF        PORTD, 1 
;questao3.c,44 :: 		delay_ms(250);
0x00BC	0x0E07      	MOVLW       7
0x00BE	0x6E0B      	MOVWF       R11, 0
0x00C0	0x0E58      	MOVLW       88
0x00C2	0x6E0C      	MOVWF       R12, 0
0x00C4	0x0E59      	MOVLW       89
0x00C6	0x6E0D      	MOVWF       R13, 0
L_main10:
0x00C8	0x2E0D      	DECFSZ      R13, 1, 0
0x00CA	0xD7FE      	BRA         L_main10
0x00CC	0x2E0C      	DECFSZ      R12, 1, 0
0x00CE	0xD7FC      	BRA         L_main10
0x00D0	0x2E0B      	DECFSZ      R11, 1, 0
0x00D2	0xD7FA      	BRA         L_main10
0x00D4	0x0000      	NOP
0x00D6	0x0000      	NOP
;questao3.c,45 :: 		}
0x00D8	0xD7F0      	BRA         L_main8
;questao3.c,46 :: 		}
L_end_main:
0x00DA	0xD7FF      	BRA         $+0
; end of _main
Symbol List:
//** Routines locations **
//ADDRESS    SIZE    PROCEDURE
//----------------------------------------------
0x0008     [142]    _interrupt
0x0096      [70]    _main
//** Variables locations ** 
//ADDRESS    SIZE    VARIABLE
//----------------------------------------------
0x0000       [1]    R0
0x0001       [1]    R1
0x0002       [1]    R2
0x0003       [1]    R3
0x0004       [1]    R4
0x0005       [1]    R5
0x0006       [1]    R6
0x0007       [1]    R7
0x0008       [1]    R8
0x0009       [1]    R9
0x000A       [1]    R10
0x000B       [1]    R11
0x000C       [1]    R12
0x000D       [1]    R13
0x000E       [1]    R14
0x000F       [1]    R15
0x0010       [1]    R16
0x0011       [1]    R17
0x0012       [1]    R18
0x0013       [1]    R19
0x0014       [1]    R20
0x0018       [1]    interrupt_i_L1
0x0019       [1]    interrupt_i_L1_L1
0x0F81       [1]    PORTB
0x0F83       [1]    PORTD
0x0F93       [1]    TRISB
0x0F95       [1]    TRISD
0x0FB4       [1]    CMCON
0x0FC1       [1]    ADCON1
0x0FD0       [0]    IPEN_bit
0x0FD8       [1]    STATUS
0x0FD9       [1]    FSR2L
0x0FDA       [1]    FSR2H
0x0FDE       [1]    POSTINC2
0x0FE0       [1]    BSR
0x0FE1       [1]    FSR1L
0x0FE2       [1]    FSR1H
0x0FE4       [1]    PREINC1
0x0FE6       [1]    POSTINC1
0x0FE7       [1]    INDF1
0x0FE8       [1]    WREG
0x0FE9       [1]    FSR0L
0x0FEA       [1]    FSR0H
0x0FEE       [1]    POSTINC0
0x0FF0       [0]    INT2IE_bit
0x0FF0       [0]    INT1IF_bit
0x0FF0       [0]    INT1IE_bit
0x0FF0       [0]    INT2IF_bit
0x0FF1       [0]    INTEDG1_bit
0x0FF1       [0]    INTEDG2_bit
0x0FF2       [0]    GIE_bit
0x0FF2       [0]    PEIE_bit
0x0FF3       [1]    PRODL
0x0FF4       [1]    PRODH
0x0FF5       [1]    TABLAT
0x0FF6       [1]    TBLPTRL
0x0FF7       [1]    TBLPTRH
0x0FF8       [1]    TBLPTRU
