;  LST file generated by mikroListExporter - v.2.0 
; Date/Time: 22/03/2024 22:23:09
;----------------------------------------------

;Address Opcode 	ASM
0x0000	0xF004EF4B  	GOTO        2198
0x0004	0x0000      	NOP
0x0006	0x0000      	NOP
0x0008	0xF000EF00  	GOTO        0
0x000C	0x0000      	NOP
0x000E	0x0000      	NOP
0x0010	0x0000      	NOP
0x0012	0x0000      	NOP
0x0014	0x0000      	NOP
0x0016	0x0000      	NOP
0x0018	0xD7F3      	BRA         0
_SETFOV32:
;__Lib_MathDouble.c,82 :: 		
;__Lib_MathDouble.c,90 :: 		
0x001C	0x820B      	BSF         R11, 1, 0
;__Lib_MathDouble.c,91 :: 		
0x001E	0xAE0B      	BTFSS       R11, 7, 0
;__Lib_MathDouble.c,92 :: 		
0x0020	0xF000EF18  	GOTO        SETFOV32EEE
;__Lib_MathDouble.c,94 :: 		
0x0024	0x6803      	SETF        R3, 0
;__Lib_MathDouble.c,95 :: 		
0x0026	0x6802      	SETF        R2, 0
;__Lib_MathDouble.c,96 :: 		
0x0028	0x6801      	SETF        R1, 0
;__Lib_MathDouble.c,97 :: 		
0x002A	0x6800      	SETF        R0, 0
;__Lib_MathDouble.c,98 :: 		
0x002C	0x360A      	RLCF        R10, 1, 0
;__Lib_MathDouble.c,99 :: 		
0x002E	0x3202      	RRCF        R2, 1, 0
;__Lib_MathDouble.c,100 :: 		
SETFOV32EEE:
;__Lib_MathDouble.c,101 :: 		
0x0030	0x0EFF      	MOVLW       255
;__Lib_MathDouble.c,103 :: 		
L_end_SETFOV32:
0x0032	0x0012      	RETURN      0
; end of _SETFOV32
_RES032:
;__Lib_MathDouble.c,128 :: 		
;__Lib_MathDouble.c,134 :: 		
0x0034	0x6A02      	CLRF        R2, 0
;__Lib_MathDouble.c,135 :: 		
0x0036	0x6A01      	CLRF        R1, 0
;__Lib_MathDouble.c,136 :: 		
0x0038	0x6A00      	CLRF        R0, 0
;__Lib_MathDouble.c,137 :: 		
0x003A	0x6A08      	CLRF        R8, 0
;__Lib_MathDouble.c,138 :: 		
0x003C	0x6A03      	CLRF        R3, 0
;__Lib_MathDouble.c,139 :: 		
0x003E	0x0E00      	MOVLW       0
;__Lib_MathDouble.c,141 :: 		
L_end_RES032:
0x0040	0x0012      	RETURN      0
; end of _RES032
_SETFUN32:
;__Lib_MathDouble.c,144 :: 		
;__Lib_MathDouble.c,152 :: 		
0x0042	0x840B      	BSF         R11, 2, 0
;__Lib_MathDouble.c,153 :: 		
0x0044	0xAE0B      	BTFSS       R11, 7, 0
;__Lib_MathDouble.c,154 :: 		
0x0046	0xF000EF2C  	GOTO        SETFUN32EEE
;__Lib_MathDouble.c,156 :: 		
0x004A	0x0E01      	MOVLW       1
;__Lib_MathDouble.c,157 :: 		
0x004C	0x6E03      	MOVWF       R3, 0
;__Lib_MathDouble.c,158 :: 		
0x004E	0x6A02      	CLRF        R2, 0
;__Lib_MathDouble.c,159 :: 		
0x0050	0x6A01      	CLRF        R1, 0
;__Lib_MathDouble.c,160 :: 		
0x0052	0x6A00      	CLRF        R0, 0
;__Lib_MathDouble.c,161 :: 		
0x0054	0x360A      	RLCF        R10, 1, 0
;__Lib_MathDouble.c,162 :: 		
0x0056	0x3202      	RRCF        R2, 1, 0
;__Lib_MathDouble.c,163 :: 		
SETFUN32EEE:
;__Lib_MathDouble.c,164 :: 		
0x0058	0x0EFF      	MOVLW       255
;__Lib_MathDouble.c,166 :: 		
L_end_SETFUN32:
0x005A	0x0012      	RETURN      0
; end of _SETFUN32
_FIXSIGN32:
;__Lib_MathDouble.c,117 :: 		
;__Lib_MathDouble.c,121 :: 		
0x005C	0xAE0A      	BTFSS       R10, 7, 0
;__Lib_MathDouble.c,122 :: 		
0x005E	0x9E02      	BCF         R2, 7, 0
;__Lib_MathDouble.c,123 :: 		
0x0060	0x0E00      	MOVLW       0
;__Lib_MathDouble.c,125 :: 		
L_end_FIXSIGN32:
0x0062	0x0012      	RETURN      0
; end of _FIXSIGN32
_NRM4032:
;__Lib_MathDouble.c,174 :: 		
;__Lib_MathDouble.c,183 :: 		
0x0064	0xB00C      	BTFSC       R12, 0, 0
;__Lib_MathDouble.c,184 :: 		
0x0066	0xF000EF74  	GOTO        NRMRND4032
;__Lib_MathDouble.c,185 :: 		
0x006A	0xA20C      	BTFSS       R12, 1, 0
;__Lib_MathDouble.c,186 :: 		
0x006C	0xF001EF1A  	GOTO        NRM40JPSETFOV32
;__Lib_MathDouble.c,188 :: 		
0x0070	0x6A0E      	CLRF        R14, 0
;__Lib_MathDouble.c,189 :: 		
0x0072	0x0E00      	MOVLW       0
;__Lib_MathDouble.c,190 :: 		
0x0074	0x6402      	CPFSGT      R2, 0
;__Lib_MathDouble.c,191 :: 		
0x0076	0xF000EF8B  	GOTO        NRM4032A
;__Lib_MathDouble.c,194 :: 		
0x007A	0x0EF0      	MOVLW       240
;__Lib_MathDouble.c,195 :: 		
0x007C	0x1402      	ANDWF       R2, 0, 0
;__Lib_MathDouble.c,196 :: 		
0x007E	0xA4D8      	BTFSS       STATUS, 2, 0
;__Lib_MathDouble.c,197 :: 		
0x0080	0xF000EF56  	GOTO        NORM4032
;__Lib_MathDouble.c,199 :: 		
0x0084	0x3A02      	SWAPF       R2, 1, 0
;__Lib_MathDouble.c,200 :: 		
0x0086	0x3801      	SWAPF       R1, 0, 0
;__Lib_MathDouble.c,201 :: 		
0x0088	0x0B0F      	ANDLW       15
;__Lib_MathDouble.c,202 :: 		
0x008A	0x2602      	ADDWF       R2, 1, 0
;__Lib_MathDouble.c,204 :: 		
0x008C	0x3801      	SWAPF       R1, 0, 0
;__Lib_MathDouble.c,205 :: 		
0x008E	0x0BF0      	ANDLW       240
;__Lib_MathDouble.c,206 :: 		
0x0090	0x6E01      	MOVWF       R1, 0
;__Lib_MathDouble.c,207 :: 		
0x0092	0x3800      	SWAPF       R0, 0, 0
;__Lib_MathDouble.c,208 :: 		
0x0094	0x0B0F      	ANDLW       15
;__Lib_MathDouble.c,209 :: 		
0x0096	0x2601      	ADDWF       R1, 1, 0
;__Lib_MathDouble.c,211 :: 		
0x0098	0x3800      	SWAPF       R0, 0, 0
;__Lib_MathDouble.c,212 :: 		
0x009A	0x0BF0      	ANDLW       240
;__Lib_MathDouble.c,213 :: 		
0x009C	0x6E00      	MOVWF       R0, 0
;__Lib_MathDouble.c,214 :: 		
0x009E	0x3808      	SWAPF       R8, 0, 0
;__Lib_MathDouble.c,215 :: 		
0x00A0	0x0B0F      	ANDLW       15
;__Lib_MathDouble.c,216 :: 		
0x00A2	0x2600      	ADDWF       R0, 1, 0
;__Lib_MathDouble.c,218 :: 		
0x00A4	0x3808      	SWAPF       R8, 0, 0
;__Lib_MathDouble.c,219 :: 		
0x00A6	0x0BF0      	ANDLW       240
;__Lib_MathDouble.c,220 :: 		
0x00A8	0x6E08      	MOVWF       R8, 0
;__Lib_MathDouble.c,222 :: 		
0x00AA	0x840E      	BSF         R14, 2, 0
;__Lib_MathDouble.c,224 :: 		
NORM4032:
;__Lib_MathDouble.c,225 :: 		
0x00AC	0x90D8      	BCF         STATUS, 0, 0
;__Lib_MathDouble.c,227 :: 		
0x00AE	0xBE02      	BTFSC       R2, 7, 0
;__Lib_MathDouble.c,228 :: 		
0x00B0	0xF000EF6F  	GOTO        TNORMUN4032
;__Lib_MathDouble.c,229 :: 		
0x00B4	0x3608      	RLCF        R8, 1, 0
;__Lib_MathDouble.c,230 :: 		
0x00B6	0x3600      	RLCF        R0, 1, 0
;__Lib_MathDouble.c,231 :: 		
0x00B8	0x3601      	RLCF        R1, 1, 0
;__Lib_MathDouble.c,232 :: 		
0x00BA	0x3602      	RLCF        R2, 1, 0
;__Lib_MathDouble.c,233 :: 		
0x00BC	0x2A0E      	INCF        R14, 1, 0
;__Lib_MathDouble.c,234 :: 		
0x00BE	0xBE02      	BTFSC       R2, 7, 0
;__Lib_MathDouble.c,235 :: 		
0x00C0	0xF000EF6F  	GOTO        TNORMUN4032
;__Lib_MathDouble.c,236 :: 		
0x00C4	0x3608      	RLCF        R8, 1, 0
;__Lib_MathDouble.c,237 :: 		
0x00C6	0x3600      	RLCF        R0, 1, 0
;__Lib_MathDouble.c,238 :: 		
0x00C8	0x3601      	RLCF        R1, 1, 0
;__Lib_MathDouble.c,239 :: 		
0x00CA	0x3602      	RLCF        R2, 1, 0
;__Lib_MathDouble.c,240 :: 		
0x00CC	0x2A0E      	INCF        R14, 1, 0
;__Lib_MathDouble.c,241 :: 		
0x00CE	0xBE02      	BTFSC       R2, 7, 0
;__Lib_MathDouble.c,242 :: 		
0x00D0	0xF000EF6F  	GOTO        TNORMUN4032
;__Lib_MathDouble.c,243 :: 		
0x00D4	0x3608      	RLCF        R8, 1, 0
;__Lib_MathDouble.c,244 :: 		
0x00D6	0x3600      	RLCF        R0, 1, 0
;__Lib_MathDouble.c,245 :: 		
0x00D8	0x3601      	RLCF        R1, 1, 0
;__Lib_MathDouble.c,246 :: 		
0x00DA	0x3602      	RLCF        R2, 1, 0
;__Lib_MathDouble.c,247 :: 		
0x00DC	0x2A0E      	INCF        R14, 1, 0
;__Lib_MathDouble.c,249 :: 		
TNORMUN4032:
;__Lib_MathDouble.c,250 :: 		
0x00DE	0x500E      	MOVF        R14, 0, 0
;__Lib_MathDouble.c,251 :: 		
0x00E0	0x6403      	CPFSGT      R3, 0
;__Lib_MathDouble.c,252 :: 		
0x00E2	0xF001EF10  	GOTO        NRM40JPSETFUN32
;__Lib_MathDouble.c,253 :: 		
0x00E6	0x5E03      	SUBWF       R3, 1, 0
;__Lib_MathDouble.c,255 :: 		
NRMRND4032:
;__Lib_MathDouble.c,256 :: 		
0x00E8	0xBC0B      	BTFSC       R11, 6, 0
;__Lib_MathDouble.c,257 :: 		
0x00EA	0xAE08      	BTFSS       R8, 7, 0
;__Lib_MathDouble.c,258 :: 		
0x00EC	0xF001EF15  	GOTO        NRM40JPFIXSIGN32
;__Lib_MathDouble.c,259 :: 		
0x00F0	0x80D8      	BSF         STATUS, 0, 0
;__Lib_MathDouble.c,260 :: 		
0x00F2	0x0E80      	MOVLW       128
;__Lib_MathDouble.c,261 :: 		
0x00F4	0x6408      	CPFSGT      R8, 0
;__Lib_MathDouble.c,262 :: 		
0x00F6	0x3000      	RRCF        R0, 0, 0
;__Lib_MathDouble.c,263 :: 		
0x00F8	0x0E00      	MOVLW       0
;__Lib_MathDouble.c,264 :: 		
0x00FA	0x2200      	ADDWFC      R0, 1, 0
;__Lib_MathDouble.c,265 :: 		
0x00FC	0x2201      	ADDWFC      R1, 1, 0
;__Lib_MathDouble.c,266 :: 		
0x00FE	0x2202      	ADDWFC      R2, 1, 0
;__Lib_MathDouble.c,268 :: 		
0x0100	0xA0D8      	BTFSS       STATUS, 0, 0
;__Lib_MathDouble.c,269 :: 		
0x0102	0xF001EF15  	GOTO        NRM40JPFIXSIGN32
;__Lib_MathDouble.c,270 :: 		
0x0106	0x3202      	RRCF        R2, 1, 0
;__Lib_MathDouble.c,271 :: 		
0x0108	0x3201      	RRCF        R1, 1, 0
;__Lib_MathDouble.c,272 :: 		
0x010A	0x3200      	RRCF        R0, 1, 0
;__Lib_MathDouble.c,273 :: 		
0x010C	0x4A03      	INFSNZ      R3, 1, 0
;__Lib_MathDouble.c,274 :: 		
0x010E	0xF001EF1A  	GOTO        NRM40JPSETFOV32
;__Lib_MathDouble.c,275 :: 		
0x0112	0xF001EF15  	GOTO        NRM40JPFIXSIGN32
;__Lib_MathDouble.c,277 :: 		
NRM4032A:
;__Lib_MathDouble.c,278 :: 		
0x0116	0xF002C001  	MOVFF       R1, R2
;__Lib_MathDouble.c,279 :: 		
0x011A	0xF001C000  	MOVFF       R0, R1
;__Lib_MathDouble.c,280 :: 		
0x011E	0xF000C008  	MOVFF       R8, R0
;__Lib_MathDouble.c,281 :: 		
0x0122	0x6A08      	CLRF        R8, 0
;__Lib_MathDouble.c,282 :: 		
0x0124	0x0E00      	MOVLW       0
;__Lib_MathDouble.c,283 :: 		
0x0126	0x860E      	BSF         R14, 3, 0
;__Lib_MathDouble.c,284 :: 		
0x0128	0x6402      	CPFSGT      R2, 0
;__Lib_MathDouble.c,285 :: 		
0x012A	0xF000EFC2  	GOTO        NRM4032B
;__Lib_MathDouble.c,288 :: 		
0x012E	0x0EF0      	MOVLW       240
;__Lib_MathDouble.c,289 :: 		
0x0130	0x1402      	ANDWF       R2, 0, 0
;__Lib_MathDouble.c,290 :: 		
0x0132	0xA4D8      	BTFSS       STATUS, 2, 0
;__Lib_MathDouble.c,291 :: 		
0x0134	0xF000EFAA  	GOTO        NORM4032A
;__Lib_MathDouble.c,292 :: 		
0x0138	0x3A02      	SWAPF       R2, 1, 0
;__Lib_MathDouble.c,293 :: 		
0x013A	0x3801      	SWAPF       R1, 0, 0
;__Lib_MathDouble.c,294 :: 		
0x013C	0x0B0F      	ANDLW       15
;__Lib_MathDouble.c,295 :: 		
0x013E	0x2602      	ADDWF       R2, 1, 0
;__Lib_MathDouble.c,297 :: 		
0x0140	0x3801      	SWAPF       R1, 0, 0
;__Lib_MathDouble.c,298 :: 		
0x0142	0x0BF0      	ANDLW       240
;__Lib_MathDouble.c,299 :: 		
0x0144	0x6E01      	MOVWF       R1, 0
;__Lib_MathDouble.c,300 :: 		
0x0146	0x3800      	SWAPF       R0, 0, 0
;__Lib_MathDouble.c,301 :: 		
0x0148	0x0B0F      	ANDLW       15
;__Lib_MathDouble.c,302 :: 		
0x014A	0x2601      	ADDWF       R1, 1, 0
;__Lib_MathDouble.c,304 :: 		
0x014C	0x3800      	SWAPF       R0, 0, 0
;__Lib_MathDouble.c,305 :: 		
0x014E	0x0BF0      	ANDLW       240
;__Lib_MathDouble.c,306 :: 		
0x0150	0x6E00      	MOVWF       R0, 0
;__Lib_MathDouble.c,308 :: 		
0x0152	0x840E      	BSF         R14, 2, 0
;__Lib_MathDouble.c,310 :: 		
NORM4032A:
;__Lib_MathDouble.c,311 :: 		
0x0154	0x90D8      	BCF         STATUS, 0, 0
;__Lib_MathDouble.c,313 :: 		
0x0156	0xBE02      	BTFSC       R2, 7, 0
;__Lib_MathDouble.c,314 :: 		
0x0158	0xF000EF6F  	GOTO        TNORMUN4032
;__Lib_MathDouble.c,315 :: 		
0x015C	0x3600      	RLCF        R0, 1, 0
;__Lib_MathDouble.c,316 :: 		
0x015E	0x3601      	RLCF        R1, 1, 0
;__Lib_MathDouble.c,317 :: 		
0x0160	0x3602      	RLCF        R2, 1, 0
;__Lib_MathDouble.c,318 :: 		
0x0162	0x2A0E      	INCF        R14, 1, 0
;__Lib_MathDouble.c,319 :: 		
0x0164	0xBE02      	BTFSC       R2, 7, 0
;__Lib_MathDouble.c,320 :: 		
0x0166	0xF000EF6F  	GOTO        TNORMUN4032
;__Lib_MathDouble.c,321 :: 		
0x016A	0x3600      	RLCF        R0, 1, 0
;__Lib_MathDouble.c,322 :: 		
0x016C	0x3601      	RLCF        R1, 1, 0
;__Lib_MathDouble.c,323 :: 		
0x016E	0x3602      	RLCF        R2, 1, 0
;__Lib_MathDouble.c,324 :: 		
0x0170	0x2A0E      	INCF        R14, 1, 0
;__Lib_MathDouble.c,325 :: 		
0x0172	0xBE02      	BTFSC       R2, 7, 0
;__Lib_MathDouble.c,326 :: 		
0x0174	0xF000EF6F  	GOTO        TNORMUN4032
;__Lib_MathDouble.c,327 :: 		
0x0178	0x3600      	RLCF        R0, 1, 0
;__Lib_MathDouble.c,328 :: 		
0x017A	0x3601      	RLCF        R1, 1, 0
;__Lib_MathDouble.c,329 :: 		
0x017C	0x3602      	RLCF        R2, 1, 0
;__Lib_MathDouble.c,330 :: 		
0x017E	0x2A0E      	INCF        R14, 1, 0
;__Lib_MathDouble.c,331 :: 		
0x0180	0xF000EF6F  	GOTO        TNORMUN4032
;__Lib_MathDouble.c,333 :: 		
NRM4032B:
;__Lib_MathDouble.c,334 :: 		
0x0184	0xF002C001  	MOVFF       R1, R2
;__Lib_MathDouble.c,335 :: 		
0x0188	0xF001C000  	MOVFF       R0, R1
;__Lib_MathDouble.c,336 :: 		
0x018C	0x6A00      	CLRF        R0, 0
;__Lib_MathDouble.c,337 :: 		
0x018E	0x0E00      	MOVLW       0
;__Lib_MathDouble.c,338 :: 		
0x0190	0x960E      	BCF         R14, 3, 0
;__Lib_MathDouble.c,339 :: 		
0x0192	0x880E      	BSF         R14, 4, 0
;__Lib_MathDouble.c,340 :: 		
0x0194	0x6402      	CPFSGT      R2, 0
;__Lib_MathDouble.c,341 :: 		
0x0196	0xF000EFEF  	GOTO        NRM4032C
;__Lib_MathDouble.c,344 :: 		
0x019A	0x0EF0      	MOVLW       240
;__Lib_MathDouble.c,345 :: 		
0x019C	0x1402      	ANDWF       R2, 0, 0
;__Lib_MathDouble.c,346 :: 		
0x019E	0xA4D8      	BTFSS       STATUS, 2, 0
;__Lib_MathDouble.c,347 :: 		
0x01A0	0xF000EFDA  	GOTO        NORM4032B
;__Lib_MathDouble.c,349 :: 		
0x01A4	0x3A02      	SWAPF       R2, 1, 0
;__Lib_MathDouble.c,350 :: 		
0x01A6	0x3801      	SWAPF       R1, 0, 0
;__Lib_MathDouble.c,351 :: 		
0x01A8	0x0B0F      	ANDLW       15
;__Lib_MathDouble.c,352 :: 		
0x01AA	0x2602      	ADDWF       R2, 1, 0
;__Lib_MathDouble.c,354 :: 		
0x01AC	0x3801      	SWAPF       R1, 0, 0
;__Lib_MathDouble.c,355 :: 		
0x01AE	0x0BF0      	ANDLW       240
;__Lib_MathDouble.c,356 :: 		
0x01B0	0x6E01      	MOVWF       R1, 0
;__Lib_MathDouble.c,358 :: 		
0x01B2	0x840E      	BSF         R14, 2, 0
;__Lib_MathDouble.c,360 :: 		
NORM4032B:
;__Lib_MathDouble.c,361 :: 		
0x01B4	0x90D8      	BCF         STATUS, 0, 0
;__Lib_MathDouble.c,362 :: 		
0x01B6	0xBE02      	BTFSC       R2, 7, 0
;__Lib_MathDouble.c,363 :: 		
0x01B8	0xF000EF6F  	GOTO        TNORMUN4032
;__Lib_MathDouble.c,364 :: 		
0x01BC	0x3601      	RLCF        R1, 1, 0
;__Lib_MathDouble.c,365 :: 		
0x01BE	0x3602      	RLCF        R2, 1, 0
;__Lib_MathDouble.c,366 :: 		
0x01C0	0x2A0E      	INCF        R14, 1, 0
;__Lib_MathDouble.c,367 :: 		
0x01C2	0xBE02      	BTFSC       R2, 7, 0
;__Lib_MathDouble.c,368 :: 		
0x01C4	0xF000EF6F  	GOTO        TNORMUN4032
;__Lib_MathDouble.c,369 :: 		
0x01C8	0x3601      	RLCF        R1, 1, 0
;__Lib_MathDouble.c,370 :: 		
0x01CA	0x3602      	RLCF        R2, 1, 0
;__Lib_MathDouble.c,371 :: 		
0x01CC	0x2A0E      	INCF        R14, 1, 0
;__Lib_MathDouble.c,372 :: 		
0x01CE	0xBE02      	BTFSC       R2, 7, 0
;__Lib_MathDouble.c,373 :: 		
0x01D0	0xF000EF6F  	GOTO        TNORMUN4032
;__Lib_MathDouble.c,374 :: 		
0x01D4	0x3601      	RLCF        R1, 1, 0
;__Lib_MathDouble.c,375 :: 		
0x01D6	0x3602      	RLCF        R2, 1, 0
;__Lib_MathDouble.c,376 :: 		
0x01D8	0x2A0E      	INCF        R14, 1, 0
;__Lib_MathDouble.c,377 :: 		
0x01DA	0xF000EF6F  	GOTO        TNORMUN4032
;__Lib_MathDouble.c,379 :: 		
NRM4032C:
;__Lib_MathDouble.c,380 :: 		
0x01DE	0xF002C001  	MOVFF       R1, R2
;__Lib_MathDouble.c,381 :: 		
0x01E2	0x6A01      	CLRF        R1, 0
;__Lib_MathDouble.c,382 :: 		
0x01E4	0x0E00      	MOVLW       0
;__Lib_MathDouble.c,383 :: 		
0x01E6	0x860E      	BSF         R14, 3, 0
;__Lib_MathDouble.c,384 :: 		
0x01E8	0x6402      	CPFSGT      R2, 0
;__Lib_MathDouble.c,385 :: 		
0x01EA	0xF001EF1F  	GOTO        NRM40JPRES032
;__Lib_MathDouble.c,388 :: 		
0x01EE	0x0EF0      	MOVLW       240
;__Lib_MathDouble.c,389 :: 		
0x01F0	0x1402      	ANDWF       R2, 0, 0
;__Lib_MathDouble.c,390 :: 		
0x01F2	0xA4D8      	BTFSS       STATUS, 2, 0
;__Lib_MathDouble.c,391 :: 		
0x01F4	0xF000EFFE  	GOTO        NORM4032C
;__Lib_MathDouble.c,392 :: 		
0x01F8	0x3A02      	SWAPF       R2, 1, 0
;__Lib_MathDouble.c,394 :: 		
0x01FA	0x840E      	BSF         R14, 2, 0
;__Lib_MathDouble.c,396 :: 		
NORM4032C:
;__Lib_MathDouble.c,397 :: 		
0x01FC	0x90D8      	BCF         STATUS, 0, 0
;__Lib_MathDouble.c,399 :: 		
0x01FE	0xBE02      	BTFSC       R2, 7, 0
;__Lib_MathDouble.c,400 :: 		
0x0200	0xF000EF6F  	GOTO        TNORMUN4032
;__Lib_MathDouble.c,401 :: 		
0x0204	0x3602      	RLCF        R2, 1, 0
;__Lib_MathDouble.c,402 :: 		
0x0206	0x2A0E      	INCF        R14, 1, 0
;__Lib_MathDouble.c,403 :: 		
0x0208	0xBE02      	BTFSC       R2, 7, 0
;__Lib_MathDouble.c,404 :: 		
0x020A	0xF000EF6F  	GOTO        TNORMUN4032
;__Lib_MathDouble.c,405 :: 		
0x020E	0x3602      	RLCF        R2, 1, 0
;__Lib_MathDouble.c,406 :: 		
0x0210	0x2A0E      	INCF        R14, 1, 0
;__Lib_MathDouble.c,407 :: 		
0x0212	0xBE02      	BTFSC       R2, 7, 0
;__Lib_MathDouble.c,408 :: 		
0x0214	0xF000EF6F  	GOTO        TNORMUN4032
;__Lib_MathDouble.c,409 :: 		
0x0218	0x3602      	RLCF        R2, 1, 0
;__Lib_MathDouble.c,410 :: 		
0x021A	0x2A0E      	INCF        R14, 1, 0
;__Lib_MathDouble.c,411 :: 		
0x021C	0xF000EF6F  	GOTO        TNORMUN4032
;__Lib_MathDouble.c,413 :: 		
NRM40JPSETFUN32:
;__Lib_MathDouble.c,414 :: 		
0x0220	0x0E01      	MOVLW       1
;__Lib_MathDouble.c,415 :: 		
0x0222	0x6E0C      	MOVWF       R12, 0
;__Lib_MathDouble.c,417 :: 		
0x0224	0xDF0E      	RCALL       _SETFUN32
;__Lib_MathDouble.c,419 :: 		
0x0226	0xF001EF22  	GOTO        NRM40EEE
;__Lib_MathDouble.c,420 :: 		
NRM40JPFIXSIGN32:
;__Lib_MathDouble.c,421 :: 		
0x022A	0x0E02      	MOVLW       2
;__Lib_MathDouble.c,422 :: 		
0x022C	0x6E0C      	MOVWF       R12, 0
;__Lib_MathDouble.c,424 :: 		
0x022E	0xDF16      	RCALL       _FIXSIGN32
;__Lib_MathDouble.c,426 :: 		
0x0230	0xF001EF22  	GOTO        NRM40EEE
;__Lib_MathDouble.c,427 :: 		
NRM40JPSETFOV32:
;__Lib_MathDouble.c,428 :: 		
0x0234	0x0E04      	MOVLW       4
;__Lib_MathDouble.c,429 :: 		
0x0236	0x6E0C      	MOVWF       R12, 0
;__Lib_MathDouble.c,431 :: 		
0x0238	0xDEF1      	RCALL       _SETFOV32
;__Lib_MathDouble.c,433 :: 		
0x023A	0xF001EF22  	GOTO        NRM40EEE
;__Lib_MathDouble.c,434 :: 		
NRM40JPRES032:
;__Lib_MathDouble.c,435 :: 		
0x023E	0x0E08      	MOVLW       8
;__Lib_MathDouble.c,436 :: 		
0x0240	0x6E0C      	MOVWF       R12, 0
;__Lib_MathDouble.c,438 :: 		
0x0242	0xDEF8      	RCALL       _RES032
;__Lib_MathDouble.c,440 :: 		
NRM40EEE:
;__Lib_MathDouble.c,448 :: 		
L_end_NRM4032:
0x0244	0x0012      	RETURN      0
; end of _NRM4032
_SETIOV3224:
;__Lib_MathDouble.c,530 :: 		
;__Lib_MathDouble.c,537 :: 		
0x0246	0x800B      	BSF         R11, 0, 0
;__Lib_MathDouble.c,538 :: 		
0x0248	0xAE0B      	BTFSS       R11, 7, 0
;__Lib_MathDouble.c,539 :: 		
0x024A	0xF001EF2F  	GOTO        SETIOV3224EEE
;__Lib_MathDouble.c,541 :: 		
0x024E	0x6A02      	CLRF        R2, 0
;__Lib_MathDouble.c,542 :: 		
0x0250	0xAE0A      	BTFSS       R10, 7, 0
;__Lib_MathDouble.c,543 :: 		
0x0252	0x0EFF      	MOVLW       255
;__Lib_MathDouble.c,544 :: 		
0x0254	0x6E02      	MOVWF       R2, 0
;__Lib_MathDouble.c,545 :: 		
0x0256	0x6E01      	MOVWF       R1, 0
;__Lib_MathDouble.c,546 :: 		
0x0258	0x6E00      	MOVWF       R0, 0
;__Lib_MathDouble.c,547 :: 		
0x025A	0x360A      	RLCF        R10, 1, 0
;__Lib_MathDouble.c,548 :: 		
0x025C	0x3202      	RRCF        R2, 1, 0
;__Lib_MathDouble.c,549 :: 		
SETIOV3224EEE:
;__Lib_MathDouble.c,550 :: 		
0x025E	0x0EFF      	MOVLW       255
;__Lib_MathDouble.c,552 :: 		
L_end_SETIOV3224:
0x0260	0x0012      	RETURN      0
; end of _SETIOV3224
_Mul_32x32_FP:
;__Lib_MathDouble.c,1130 :: 		
;__Lib_MathDouble.c,1148 :: 		
0x0262	0x6A08      	CLRF        R8, 0
;__Lib_MathDouble.c,1149 :: 		
0x0264	0x6A09      	CLRF        R9, 0
;__Lib_MathDouble.c,1151 :: 		
0x0266	0x0E00      	MOVLW       0
;__Lib_MathDouble.c,1152 :: 		
0x0268	0x6207      	CPFSEQ      R7, 0
;__Lib_MathDouble.c,1153 :: 		
0x026A	0x6403      	CPFSGT      R3, 0
;__Lib_MathDouble.c,1154 :: 		
0x026C	0xF001EFB6  	GOTO        MULJPRES032
;__Lib_MathDouble.c,1157 :: 		
0x0270	0x5002      	MOVF        R2, 0, 0
;__Lib_MathDouble.c,1158 :: 		
0x0272	0x1806      	XORWF       R6, 0, 0
;__Lib_MathDouble.c,1159 :: 		
0x0274	0x6E0A      	MOVWF       R10, 0
;__Lib_MathDouble.c,1161 :: 		
0x0276	0x5007      	MOVF        R7, 0, 0
;__Lib_MathDouble.c,1162 :: 		
0x0278	0x2603      	ADDWF       R3, 1, 0
;__Lib_MathDouble.c,1163 :: 		
0x027A	0x0E7E      	MOVLW       126
;__Lib_MathDouble.c,1164 :: 		
0x027C	0xA0D8      	BTFSS       STATUS, 0, 0
;__Lib_MathDouble.c,1165 :: 		
0x027E	0xF001EF47  	GOTO        MTUN32
;__Lib_MathDouble.c,1167 :: 		
0x0282	0x5E03      	SUBWF       R3, 1, 0
;__Lib_MathDouble.c,1168 :: 		
0x0284	0xB0D8      	BTFSC       STATUS, 0, 0
;__Lib_MathDouble.c,1169 :: 		
0x0286	0xF001EFBA  	GOTO        MULJPSETFOV32
;__Lib_MathDouble.c,1170 :: 		
0x028A	0xF001EF4B  	GOTO        MOK32
;__Lib_MathDouble.c,1172 :: 		
MTUN32:
;__Lib_MathDouble.c,1173 :: 		
0x028E	0x5E03      	SUBWF       R3, 1, 0
;__Lib_MathDouble.c,1174 :: 		
0x0290	0xA0D8      	BTFSS       STATUS, 0, 0
;__Lib_MathDouble.c,1175 :: 		
0x0292	0xF001EFBE  	GOTO        MULJPSETFUN32
;__Lib_MathDouble.c,1177 :: 		
MOK32:
;__Lib_MathDouble.c,1178 :: 		
0x0296	0x8E02      	BSF         R2, 7, 0
;__Lib_MathDouble.c,1179 :: 		
0x0298	0x8E06      	BSF         R6, 7, 0
;__Lib_MathDouble.c,1181 :: 		
0x029A	0xF00EC002  	MOVFF       R2, R14
;__Lib_MathDouble.c,1182 :: 		
0x029E	0xF00BC001  	MOVFF       R1, R11
;__Lib_MathDouble.c,1183 :: 		
0x02A2	0xF00DC000  	MOVFF       R0, R13
;__Lib_MathDouble.c,1185 :: 		
0x02A6	0x5000      	MOVF        R0, 0, 0
;__Lib_MathDouble.c,1186 :: 		
0x02A8	0x0204      	MULWF       R4, 0
;__Lib_MathDouble.c,1187 :: 		
0x02AA	0xF00CCFF4  	MOVFF       PRODH, R12
;__Lib_MathDouble.c,1189 :: 		
0x02AE	0x5001      	MOVF        R1, 0, 0
;__Lib_MathDouble.c,1190 :: 		
0x02B0	0x0205      	MULWF       R5, 0
;__Lib_MathDouble.c,1191 :: 		
0x02B2	0xF000CFF4  	MOVFF       PRODH, R0
;__Lib_MathDouble.c,1192 :: 		
0x02B6	0xF008CFF3  	MOVFF       PRODL, R8
;__Lib_MathDouble.c,1194 :: 		
0x02BA	0x0204      	MULWF       R4, 0
;__Lib_MathDouble.c,1195 :: 		
0x02BC	0x50F3      	MOVF        PRODL, 0, 0
;__Lib_MathDouble.c,1196 :: 		
0x02BE	0x260C      	ADDWF       R12, 1, 0
;__Lib_MathDouble.c,1197 :: 		
0x02C0	0x50F4      	MOVF        PRODH, 0, 0
;__Lib_MathDouble.c,1198 :: 		
0x02C2	0x2208      	ADDWFC      R8, 1, 0
;__Lib_MathDouble.c,1199 :: 		
0x02C4	0x0E00      	MOVLW       0
;__Lib_MathDouble.c,1200 :: 		
0x02C6	0x2200      	ADDWFC      R0, 1, 0
;__Lib_MathDouble.c,1202 :: 		
0x02C8	0x500D      	MOVF        R13, 0, 0
;__Lib_MathDouble.c,1203 :: 		
0x02CA	0x0205      	MULWF       R5, 0
;__Lib_MathDouble.c,1204 :: 		
0x02CC	0x50F3      	MOVF        PRODL, 0, 0
;__Lib_MathDouble.c,1205 :: 		
0x02CE	0x260C      	ADDWF       R12, 1, 0
;__Lib_MathDouble.c,1206 :: 		
0x02D0	0x50F4      	MOVF        PRODH, 0, 0
;__Lib_MathDouble.c,1207 :: 		
0x02D2	0x2208      	ADDWFC      R8, 1, 0
;__Lib_MathDouble.c,1208 :: 		
0x02D4	0x0E00      	MOVLW       0
;__Lib_MathDouble.c,1209 :: 		
0x02D6	0x2200      	ADDWFC      R0, 1, 0
;__Lib_MathDouble.c,1211 :: 		
0x02D8	0x5002      	MOVF        R2, 0, 0
;__Lib_MathDouble.c,1212 :: 		
0x02DA	0x0204      	MULWF       R4, 0
;__Lib_MathDouble.c,1213 :: 		
0x02DC	0x50F3      	MOVF        PRODL, 0, 0
;__Lib_MathDouble.c,1214 :: 		
0x02DE	0x2608      	ADDWF       R8, 1, 0
;__Lib_MathDouble.c,1215 :: 		
0x02E0	0x50F4      	MOVF        PRODH, 0, 0
;__Lib_MathDouble.c,1216 :: 		
0x02E2	0x2200      	ADDWFC      R0, 1, 0
;__Lib_MathDouble.c,1217 :: 		
0x02E4	0x5002      	MOVF        R2, 0, 0
;__Lib_MathDouble.c,1218 :: 		
0x02E6	0x0205      	MULWF       R5, 0
;__Lib_MathDouble.c,1219 :: 		
0x02E8	0x6A01      	CLRF        R1, 0
;__Lib_MathDouble.c,1220 :: 		
0x02EA	0x0E00      	MOVLW       0
;__Lib_MathDouble.c,1221 :: 		
0x02EC	0x2201      	ADDWFC      R1, 1, 0
;__Lib_MathDouble.c,1222 :: 		
0x02EE	0x50F3      	MOVF        PRODL, 0, 0
;__Lib_MathDouble.c,1223 :: 		
0x02F0	0x2600      	ADDWF       R0, 1, 0
;__Lib_MathDouble.c,1224 :: 		
0x02F2	0x50F4      	MOVF        PRODH, 0, 0
;__Lib_MathDouble.c,1225 :: 		
0x02F4	0x2201      	ADDWFC      R1, 1, 0
;__Lib_MathDouble.c,1227 :: 		
0x02F6	0x500D      	MOVF        R13, 0, 0
;__Lib_MathDouble.c,1228 :: 		
0x02F8	0x0206      	MULWF       R6, 0
;__Lib_MathDouble.c,1229 :: 		
0x02FA	0x50F3      	MOVF        PRODL, 0, 0
;__Lib_MathDouble.c,1230 :: 		
0x02FC	0x2608      	ADDWF       R8, 1, 0
;__Lib_MathDouble.c,1231 :: 		
0x02FE	0x50F4      	MOVF        PRODH, 0, 0
;__Lib_MathDouble.c,1232 :: 		
0x0300	0x2200      	ADDWFC      R0, 1, 0
;__Lib_MathDouble.c,1233 :: 		
0x0302	0x6A02      	CLRF        R2, 0
;__Lib_MathDouble.c,1234 :: 		
0x0304	0x0E00      	MOVLW       0
;__Lib_MathDouble.c,1235 :: 		
0x0306	0x2201      	ADDWFC      R1, 1, 0
;__Lib_MathDouble.c,1236 :: 		
0x0308	0x2202      	ADDWFC      R2, 1, 0
;__Lib_MathDouble.c,1238 :: 		
0x030A	0x500B      	MOVF        R11, 0, 0
;__Lib_MathDouble.c,1239 :: 		
0x030C	0x0206      	MULWF       R6, 0
;__Lib_MathDouble.c,1240 :: 		
0x030E	0x50F3      	MOVF        PRODL, 0, 0
;__Lib_MathDouble.c,1241 :: 		
0x0310	0x2600      	ADDWF       R0, 1, 0
;__Lib_MathDouble.c,1242 :: 		
0x0312	0x50F4      	MOVF        PRODH, 0, 0
;__Lib_MathDouble.c,1243 :: 		
0x0314	0x2201      	ADDWFC      R1, 1, 0
;__Lib_MathDouble.c,1244 :: 		
0x0316	0x0E00      	MOVLW       0
;__Lib_MathDouble.c,1245 :: 		
0x0318	0x2202      	ADDWFC      R2, 1, 0
;__Lib_MathDouble.c,1247 :: 		
0x031A	0x500E      	MOVF        R14, 0, 0
;__Lib_MathDouble.c,1248 :: 		
0x031C	0x0206      	MULWF       R6, 0
;__Lib_MathDouble.c,1249 :: 		
0x031E	0x50F3      	MOVF        PRODL, 0, 0
;__Lib_MathDouble.c,1250 :: 		
0x0320	0x2601      	ADDWF       R1, 1, 0
;__Lib_MathDouble.c,1251 :: 		
0x0322	0x50F4      	MOVF        PRODH, 0, 0
;__Lib_MathDouble.c,1252 :: 		
0x0324	0x2202      	ADDWFC      R2, 1, 0
;__Lib_MathDouble.c,1254 :: 		
0x0326	0xBE02      	BTFSC       R2, 7, 0
;__Lib_MathDouble.c,1255 :: 		
0x0328	0xF001EF9E  	GOTO        MROUND32
;__Lib_MathDouble.c,1256 :: 		
0x032C	0x3608      	RLCF        R8, 1, 0
;__Lib_MathDouble.c,1257 :: 		
0x032E	0x3600      	RLCF        R0, 1, 0
;__Lib_MathDouble.c,1258 :: 		
0x0330	0x3601      	RLCF        R1, 1, 0
;__Lib_MathDouble.c,1259 :: 		
0x0332	0x3602      	RLCF        R2, 1, 0
;__Lib_MathDouble.c,1260 :: 		
0x0334	0x0603      	DECF        R3, 1, 0
;__Lib_MathDouble.c,1261 :: 		
0x0336	0xB4D8      	BTFSC       STATUS, 2, 0
;__Lib_MathDouble.c,1262 :: 		
0x0338	0xF001EFBE  	GOTO        MULJPSETFUN32
;__Lib_MathDouble.c,1264 :: 		
MROUND32:
;__Lib_MathDouble.c,1267 :: 		
0x033C	0xF001EFB1  	GOTO        MUL32OK
;__Lib_MathDouble.c,1268 :: 		
0x0340	0x80D8      	BSF         STATUS, 0, 0
;__Lib_MathDouble.c,1269 :: 		
0x0342	0x0E80      	MOVLW       128
;__Lib_MathDouble.c,1270 :: 		
0x0344	0x6408      	CPFSGT      R8, 0
;__Lib_MathDouble.c,1271 :: 		
0x0346	0x3000      	RRCF        R0, 0, 0
;__Lib_MathDouble.c,1272 :: 		
0x0348	0x0E00      	MOVLW       0
;__Lib_MathDouble.c,1273 :: 		
0x034A	0x2200      	ADDWFC      R0, 1, 0
;__Lib_MathDouble.c,1274 :: 		
0x034C	0x2201      	ADDWFC      R1, 1, 0
;__Lib_MathDouble.c,1275 :: 		
0x034E	0x2202      	ADDWFC      R2, 1, 0
;__Lib_MathDouble.c,1277 :: 		
0x0350	0xA0D8      	BTFSS       STATUS, 0, 0
;__Lib_MathDouble.c,1278 :: 		
0x0352	0xF001EFB1  	GOTO        MUL32OK
;__Lib_MathDouble.c,1279 :: 		
0x0356	0x3202      	RRCF        R2, 1, 0
;__Lib_MathDouble.c,1280 :: 		
0x0358	0x3201      	RRCF        R1, 1, 0
;__Lib_MathDouble.c,1281 :: 		
0x035A	0x3200      	RRCF        R0, 1, 0
;__Lib_MathDouble.c,1282 :: 		
0x035C	0x4A03      	INFSNZ      R3, 1, 0
;__Lib_MathDouble.c,1283 :: 		
0x035E	0xF001EFBA  	GOTO        MULJPSETFOV32
;__Lib_MathDouble.c,1285 :: 		
MUL32OK:
;__Lib_MathDouble.c,1286 :: 		
0x0362	0xAE0A      	BTFSS       R10, 7, 0
;__Lib_MathDouble.c,1287 :: 		
0x0364	0x9E02      	BCF         R2, 7, 0
;__Lib_MathDouble.c,1289 :: 		
0x0366	0x0E00      	MOVLW       0
;__Lib_MathDouble.c,1290 :: 		
0x0368	0xF001EFC0  	GOTO        MULEEE
;__Lib_MathDouble.c,1291 :: 		
MULJPRES032:
;__Lib_MathDouble.c,1292 :: 		
0x036C	0x0E01      	MOVLW       1
;__Lib_MathDouble.c,1295 :: 		
0x036E	0xDE62      	RCALL       _RES032
;__Lib_MathDouble.c,1297 :: 		
0x0370	0xF001EFC0  	GOTO        MULEEE
;__Lib_MathDouble.c,1298 :: 		
MULJPSETFOV32:
;__Lib_MathDouble.c,1299 :: 		
0x0374	0x0E02      	MOVLW       2
;__Lib_MathDouble.c,1302 :: 		
0x0376	0xDE52      	RCALL       _SETFOV32
;__Lib_MathDouble.c,1304 :: 		
0x0378	0xF001EFC0  	GOTO        MULEEE
;__Lib_MathDouble.c,1305 :: 		
MULJPSETFUN32:
;__Lib_MathDouble.c,1306 :: 		
0x037C	0x0E04      	MOVLW       4
;__Lib_MathDouble.c,1309 :: 		
0x037E	0xDE61      	RCALL       _SETFUN32
;__Lib_MathDouble.c,1311 :: 		
MULEEE:
;__Lib_MathDouble.c,1318 :: 		
L_end_Mul_32x32_FP:
0x0380	0x0012      	RETURN      0
; end of _Mul_32x32_FP
_byte2double:
;__Lib_MathDouble.c,2253 :: 		
;__Lib_MathDouble.c,2262 :: 		
0x0382	0xF008C000  	MOVFF       R0, R8
;__Lib_MathDouble.c,2265 :: 		
0x0386	0x6A0B      	CLRF        R11, 0
;__Lib_MathDouble.c,2266 :: 		
0x0388	0x6A0C      	CLRF        R12, 0
;__Lib_MathDouble.c,2268 :: 		
0x038A	0x0E9E      	MOVLW       158
;__Lib_MathDouble.c,2269 :: 		
0x038C	0x6E03      	MOVWF       R3, 0
;__Lib_MathDouble.c,2270 :: 		
0x038E	0x6A0A      	CLRF        R10, 0
;__Lib_MathDouble.c,2271 :: 		
0x0390	0x6A02      	CLRF        R2, 0
;__Lib_MathDouble.c,2272 :: 		
0x0392	0x6A01      	CLRF        R1, 0
;__Lib_MathDouble.c,2273 :: 		
0x0394	0x6A00      	CLRF        R0, 0
;__Lib_MathDouble.c,2274 :: 		
0x0396	0x0E02      	MOVLW       2
;__Lib_MathDouble.c,2275 :: 		
0x0398	0x6E0C      	MOVWF       R12, 0
;__Lib_MathDouble.c,2277 :: 		
0x039A	0xDE64      	RCALL       _NRM4032
;__Lib_MathDouble.c,2278 :: 		
L_end_byte2double:
0x039C	0x0012      	RETURN      0
; end of _byte2double
_double2int:
;__Lib_MathDouble.c,1897 :: 		
;__Lib_MathDouble.c,1906 :: 		
0x039E	0x6A0B      	CLRF        R11, 0
;__Lib_MathDouble.c,1907 :: 		
0x03A0	0x5003      	MOVF        R3, 0, 0
;__Lib_MathDouble.c,1908 :: 		
0x03A2	0xB4D8      	BTFSC       STATUS, 2, 0
;__Lib_MathDouble.c,1909 :: 		
0x03A4	0xF002EF15  	GOTO        IRES016
;__Lib_MathDouble.c,1910 :: 		
0x03A8	0x5002      	MOVF        R2, 0, 0
;__Lib_MathDouble.c,1911 :: 		
0x03AA	0x6E0A      	MOVWF       R10, 0
;__Lib_MathDouble.c,1912 :: 		
0x03AC	0x8E02      	BSF         R2, 7, 0
;__Lib_MathDouble.c,1914 :: 		
0x03AE	0x0E8E      	MOVLW       142
;__Lib_MathDouble.c,1915 :: 		
0x03B0	0x5E03      	SUBWF       R3, 1, 0
;__Lib_MathDouble.c,1916 :: 		
0x03B2	0xAE03      	BTFSS       R3, 7, 0
;__Lib_MathDouble.c,1917 :: 		
0x03B4	0xF002EF19  	GOTO        SETIOV16
;__Lib_MathDouble.c,1918 :: 		
0x03B8	0x6C03      	NEGF        R3, 0
;__Lib_MathDouble.c,1920 :: 		
0x03BA	0x0E08      	MOVLW       8
;__Lib_MathDouble.c,1921 :: 		
0x03BC	0x5C03      	SUBWF       R3, 0, 0
;__Lib_MathDouble.c,1922 :: 		
0x03BE	0xA0D8      	BTFSS       STATUS, 0, 0
;__Lib_MathDouble.c,1923 :: 		
0x03C0	0xF001EFF4  	GOTO        TSHIFT3216
;__Lib_MathDouble.c,1924 :: 		
0x03C4	0x6E03      	MOVWF       R3, 0
;__Lib_MathDouble.c,1925 :: 		
0x03C6	0x3601      	RLCF        R1, 1, 0
;__Lib_MathDouble.c,1926 :: 		
0x03C8	0xF001C002  	MOVFF       R2, R1
;__Lib_MathDouble.c,1927 :: 		
0x03CC	0x6A02      	CLRF        R2, 0
;__Lib_MathDouble.c,1929 :: 		
0x03CE	0x0E08      	MOVLW       8
;__Lib_MathDouble.c,1930 :: 		
0x03D0	0x5C03      	SUBWF       R3, 0, 0
;__Lib_MathDouble.c,1931 :: 		
0x03D2	0xA0D8      	BTFSS       STATUS, 0, 0
;__Lib_MathDouble.c,1932 :: 		
0x03D4	0xF001EFF4  	GOTO        TSHIFT3216
;__Lib_MathDouble.c,1933 :: 		
0x03D8	0x6E03      	MOVWF       R3, 0
;__Lib_MathDouble.c,1934 :: 		
0x03DA	0x3601      	RLCF        R1, 1, 0
;__Lib_MathDouble.c,1935 :: 		
0x03DC	0x6A01      	CLRF        R1, 0
;__Lib_MathDouble.c,1937 :: 		
0x03DE	0x5003      	MOVF        R3, 0, 0
;__Lib_MathDouble.c,1938 :: 		
0x03E0	0xA4D8      	BTFSS       STATUS, 2, 0
;__Lib_MathDouble.c,1939 :: 		
0x03E2	0x90D8      	BCF         STATUS, 0, 0
;__Lib_MathDouble.c,1940 :: 		
0x03E4	0xF001EFFE  	GOTO        SHIFT3216OK
;__Lib_MathDouble.c,1941 :: 		
TSHIFT3216:
;__Lib_MathDouble.c,1942 :: 		
0x03E8	0x5003      	MOVF        R3, 0, 0
;__Lib_MathDouble.c,1943 :: 		
0x03EA	0xB4D8      	BTFSC       STATUS, 2, 0
;__Lib_MathDouble.c,1944 :: 		
0x03EC	0xF001EFFE  	GOTO        SHIFT3216OK
;__Lib_MathDouble.c,1945 :: 		
SHIFT3216:
;__Lib_MathDouble.c,1946 :: 		
0x03F0	0x90D8      	BCF         STATUS, 0, 0
;__Lib_MathDouble.c,1947 :: 		
0x03F2	0x3202      	RRCF        R2, 1, 0
;__Lib_MathDouble.c,1948 :: 		
0x03F4	0x3201      	RRCF        R1, 1, 0
;__Lib_MathDouble.c,1949 :: 		
0x03F6	0x2E03      	DECFSZ      R3, 1, 0
;__Lib_MathDouble.c,1950 :: 		
0x03F8	0xF001EFF8  	GOTO        SHIFT3216
;__Lib_MathDouble.c,1951 :: 		
SHIFT3216OK:
;__Lib_MathDouble.c,1952 :: 		
0x03FC	0xBC0B      	BTFSC       R11, 6, 0
;__Lib_MathDouble.c,1953 :: 		
0x03FE	0xA001      	BTFSS       R1, 0, 0
;__Lib_MathDouble.c,1954 :: 		
0x0400	0xF002EF0B  	GOTO        INT3216OK
;__Lib_MathDouble.c,1955 :: 		
0x0404	0xA0D8      	BTFSS       STATUS, 0, 0
;__Lib_MathDouble.c,1956 :: 		
0x0406	0xF002EF0B  	GOTO        INT3216OK
;__Lib_MathDouble.c,1957 :: 		
0x040A	0x2A01      	INCF        R1, 1, 0
;__Lib_MathDouble.c,1958 :: 		
0x040C	0xB4D8      	BTFSC       STATUS, 2, 0
;__Lib_MathDouble.c,1959 :: 		
0x040E	0x2A02      	INCF        R2, 1, 0
;__Lib_MathDouble.c,1960 :: 		
0x0410	0xBE02      	BTFSC       R2, 7, 0
;__Lib_MathDouble.c,1961 :: 		
0x0412	0xF002EF28  	GOTO        JPJSETIOV3224
;__Lib_MathDouble.c,1962 :: 		
INT3216OK:
;__Lib_MathDouble.c,1963 :: 		
0x0416	0xAE0A      	BTFSS       R10, 7, 0
;__Lib_MathDouble.c,1964 :: 		
0x0418	0xF002EF2D  	GOTO        INT3216EOK
;__Lib_MathDouble.c,1966 :: 		
0x041C	0x1E02      	COMF        R2, 1, 0
;__Lib_MathDouble.c,1967 :: 		
0x041E	0x1E01      	COMF        R1, 1, 0
;__Lib_MathDouble.c,1968 :: 		
0x0420	0x2A01      	INCF        R1, 1, 0
;__Lib_MathDouble.c,1969 :: 		
0x0422	0xB4D8      	BTFSC       STATUS, 2, 0
;__Lib_MathDouble.c,1970 :: 		
0x0424	0x2A02      	INCF        R2, 1, 0
;__Lib_MathDouble.c,1971 :: 		
0x0426	0xF002EF2D  	GOTO        INT3216EOK
;__Lib_MathDouble.c,1973 :: 		
IRES016:
;__Lib_MathDouble.c,1974 :: 		
0x042A	0x6A02      	CLRF        R2, 0
;__Lib_MathDouble.c,1975 :: 		
0x042C	0x6A01      	CLRF        R1, 0
;__Lib_MathDouble.c,1976 :: 		
0x042E	0xF002EF2D  	GOTO        INT3216EOK
;__Lib_MathDouble.c,1977 :: 		
SETIOV16:
;__Lib_MathDouble.c,1978 :: 		
0x0432	0x800B      	BSF         R11, 0, 0
;__Lib_MathDouble.c,1979 :: 		
0x0434	0xAE0B      	BTFSS       R11, 7, 0
;__Lib_MathDouble.c,1980 :: 		
0x0436	0xF002EF31  	GOTO        INT3216EER
;__Lib_MathDouble.c,1982 :: 		
0x043A	0x6A02      	CLRF        R2, 0
;__Lib_MathDouble.c,1983 :: 		
0x043C	0xAE0A      	BTFSS       R10, 7, 0
;__Lib_MathDouble.c,1984 :: 		
0x043E	0xF002EF31  	GOTO        INT3216EER
;__Lib_MathDouble.c,1985 :: 		
0x0442	0x0EFF      	MOVLW       255
;__Lib_MathDouble.c,1986 :: 		
0x0444	0x6E02      	MOVWF       R2, 0
;__Lib_MathDouble.c,1987 :: 		
0x0446	0x6E01      	MOVWF       R1, 0
;__Lib_MathDouble.c,1988 :: 		
0x0448	0x360A      	RLCF        R10, 1, 0
;__Lib_MathDouble.c,1989 :: 		
0x044A	0x3202      	RRCF        R2, 1, 0
;__Lib_MathDouble.c,1990 :: 		
0x044C	0xF002EF31  	GOTO        INT3216EER
;__Lib_MathDouble.c,1992 :: 		
JPJSETIOV3224:
;__Lib_MathDouble.c,1993 :: 		
0x0450	0x0E01      	MOVLW       1
;__Lib_MathDouble.c,1994 :: 		
0x0452	0x6E0C      	MOVWF       R12, 0
;__Lib_MathDouble.c,1996 :: 		
0x0454	0xDEF8      	RCALL       _SETIOV3224
;__Lib_MathDouble.c,1998 :: 		
0x0456	0xF002EF33  	GOTO        INT3216EEE
;__Lib_MathDouble.c,1999 :: 		
INT3216EOK:
;__Lib_MathDouble.c,2000 :: 		
0x045A	0x0E00      	MOVLW       0
;__Lib_MathDouble.c,2001 :: 		
0x045C	0x6E0C      	MOVWF       R12, 0
;__Lib_MathDouble.c,2002 :: 		
0x045E	0xF002EF33  	GOTO        INT3216EEE
;__Lib_MathDouble.c,2003 :: 		
INT3216EER:
;__Lib_MathDouble.c,2004 :: 		
0x0462	0x0EFF      	MOVLW       255
;__Lib_MathDouble.c,2005 :: 		
0x0464	0x6E0C      	MOVWF       R12, 0
;__Lib_MathDouble.c,2006 :: 		
INT3216EEE:
;__Lib_MathDouble.c,2007 :: 		
0x0466	0x5001      	MOVF        R1, 0, 0
;__Lib_MathDouble.c,2008 :: 		
0x0468	0x6E00      	MOVWF       R0, 0
;__Lib_MathDouble.c,2009 :: 		
0x046A	0x5002      	MOVF        R2, 0, 0
;__Lib_MathDouble.c,2010 :: 		
0x046C	0x6E01      	MOVWF       R1, 0
;__Lib_MathDouble.c,2015 :: 		
L_end_double2int:
0x046E	0x0012      	RETURN      0
; end of _double2int
_Add_32x32_FP:
;__Lib_MathDouble.c,563 :: 		
;__Lib_MathDouble.c,578 :: 		
0x0470	0x5002      	MOVF        R2, 0, 0
;__Lib_MathDouble.c,579 :: 		
0x0472	0x1806      	XORWF       R6, 0, 0
;__Lib_MathDouble.c,580 :: 		
0x0474	0x6E0E      	MOVWF       R14, 0
;__Lib_MathDouble.c,582 :: 		
0x0476	0x6A08      	CLRF        R8, 0
;__Lib_MathDouble.c,583 :: 		
0x0478	0x6A09      	CLRF        R9, 0
;__Lib_MathDouble.c,584 :: 		
0x047A	0x6A0B      	CLRF        R11, 0
;__Lib_MathDouble.c,586 :: 		
0x047C	0x5003      	MOVF        R3, 0, 0
;__Lib_MathDouble.c,587 :: 		
0x047E	0x6407      	CPFSGT      R7, 0
;__Lib_MathDouble.c,588 :: 		
0x0480	0xF003EF2B  	GOTO        USEA32
;__Lib_MathDouble.c,591 :: 		
0x0484	0x5006      	MOVF        R6, 0, 0
;__Lib_MathDouble.c,592 :: 		
0x0486	0x6E0A      	MOVWF       R10, 0
;__Lib_MathDouble.c,593 :: 		
0x0488	0x8E06      	BSF         R6, 7, 0
;__Lib_MathDouble.c,594 :: 		
0x048A	0x8E02      	BSF         R2, 7, 0
;__Lib_MathDouble.c,596 :: 		
0x048C	0x5003      	MOVF        R3, 0, 0
;__Lib_MathDouble.c,597 :: 		
0x048E	0x6E0B      	MOVWF       R11, 0
;__Lib_MathDouble.c,598 :: 		
0x0490	0x5007      	MOVF        R7, 0, 0
;__Lib_MathDouble.c,599 :: 		
0x0492	0x6E03      	MOVWF       R3, 0
;__Lib_MathDouble.c,601 :: 		
0x0494	0x0E00      	MOVLW       0
;__Lib_MathDouble.c,602 :: 		
0x0496	0x640B      	CPFSGT      R11, 0
;__Lib_MathDouble.c,603 :: 		
0x0498	0xF002EF7B  	GOTO        BRETURN32
;__Lib_MathDouble.c,604 :: 		
0x049C	0x500B      	MOVF        R11, 0, 0
;__Lib_MathDouble.c,605 :: 		
0x049E	0x5E07      	SUBWF       R7, 1, 0
;__Lib_MathDouble.c,606 :: 		
0x04A0	0xB4D8      	BTFSC       STATUS, 2, 0
;__Lib_MathDouble.c,607 :: 		
0x04A2	0xF003EF1C  	GOTO        BLIGNED32
;__Lib_MathDouble.c,609 :: 		
0x04A6	0x0E07      	MOVLW       7
;__Lib_MathDouble.c,610 :: 		
0x04A8	0x6407      	CPFSGT      R7, 0
;__Lib_MathDouble.c,611 :: 		
0x04AA	0xF002EFEA  	GOTO        BNIB32
;__Lib_MathDouble.c,613 :: 		
0x04AE	0x5E07      	SUBWF       R7, 1, 0
;__Lib_MathDouble.c,614 :: 		
0x04B0	0xF008C000  	MOVFF       R0, R8
;__Lib_MathDouble.c,615 :: 		
0x04B4	0xF000C001  	MOVFF       R1, R0
;__Lib_MathDouble.c,616 :: 		
0x04B8	0xF001C002  	MOVFF       R2, R1
;__Lib_MathDouble.c,617 :: 		
0x04BC	0x6A02      	CLRF        R2, 0
;__Lib_MathDouble.c,618 :: 		
0x04BE	0x4E07      	DCFSNZ      R7, 1, 0
;__Lib_MathDouble.c,619 :: 		
0x04C0	0xF003EF1C  	GOTO        BLIGNED32
;__Lib_MathDouble.c,621 :: 		
0x04C4	0x6407      	CPFSGT      R7, 0
;__Lib_MathDouble.c,622 :: 		
0x04C6	0xF002EFBF  	GOTO        BNIB32A
;__Lib_MathDouble.c,623 :: 		
0x04CA	0x5E07      	SUBWF       R7, 1, 0
;__Lib_MathDouble.c,624 :: 		
0x04CC	0xF008C000  	MOVFF       R0, R8
;__Lib_MathDouble.c,625 :: 		
0x04D0	0xF000C001  	MOVFF       R1, R0
;__Lib_MathDouble.c,626 :: 		
0x04D4	0x6A01      	CLRF        R1, 0
;__Lib_MathDouble.c,627 :: 		
0x04D6	0x4E07      	DCFSNZ      R7, 1, 0
;__Lib_MathDouble.c,628 :: 		
0x04D8	0xF003EF1C  	GOTO        BLIGNED32
;__Lib_MathDouble.c,630 :: 		
0x04DC	0x6407      	CPFSGT      R7, 0
;__Lib_MathDouble.c,631 :: 		
0x04DE	0xF002EF9D  	GOTO        BNIB32B
;__Lib_MathDouble.c,632 :: 		
0x04E2	0x5E07      	SUBWF       R7, 1, 0
;__Lib_MathDouble.c,633 :: 		
0x04E4	0xF008C000  	MOVFF       R0, R8
;__Lib_MathDouble.c,634 :: 		
0x04E8	0x6A00      	CLRF        R0, 0
;__Lib_MathDouble.c,635 :: 		
0x04EA	0x4E07      	DCFSNZ      R7, 1, 0
;__Lib_MathDouble.c,636 :: 		
0x04EC	0xF003EF1C  	GOTO        BLIGNED32
;__Lib_MathDouble.c,638 :: 		
0x04F0	0x6407      	CPFSGT      R7, 0
;__Lib_MathDouble.c,639 :: 		
0x04F2	0xF002EF84  	GOTO        BNIB32C
;__Lib_MathDouble.c,641 :: 		
BRETURN32:
;__Lib_MathDouble.c,642 :: 		
0x04F6	0xF002C00A  	MOVFF       R10, R2
;__Lib_MathDouble.c,643 :: 		
0x04FA	0xF001C005  	MOVFF       R5, R1
;__Lib_MathDouble.c,644 :: 		
0x04FE	0xF000C004  	MOVFF       R4, R0
;__Lib_MathDouble.c,645 :: 		
0x0502	0x6A08      	CLRF        R8, 0
;__Lib_MathDouble.c,646 :: 		
0x0504	0xF004EF48  	GOTO        ADDEOK
;__Lib_MathDouble.c,648 :: 		
BNIB32C:
;__Lib_MathDouble.c,649 :: 		
0x0508	0x0E03      	MOVLW       3
;__Lib_MathDouble.c,650 :: 		
0x050A	0x6407      	CPFSGT      R7, 0
;__Lib_MathDouble.c,651 :: 		
0x050C	0xF002EF8F  	GOTO        BLOOP32C
;__Lib_MathDouble.c,652 :: 		
0x0510	0x5E07      	SUBWF       R7, 1, 0
;__Lib_MathDouble.c,653 :: 		
0x0512	0x3808      	SWAPF       R8, 0, 0
;__Lib_MathDouble.c,654 :: 		
0x0514	0x0B0F      	ANDLW       15
;__Lib_MathDouble.c,655 :: 		
0x0516	0x6E08      	MOVWF       R8, 0
;__Lib_MathDouble.c,656 :: 		
0x0518	0x4E07      	DCFSNZ      R7, 1, 0
;__Lib_MathDouble.c,657 :: 		
0x051A	0xF003EF1C  	GOTO        BLIGNED32
;__Lib_MathDouble.c,659 :: 		
BLOOP32C:
;__Lib_MathDouble.c,660 :: 		
0x051E	0x90D8      	BCF         STATUS, 0, 0
;__Lib_MathDouble.c,661 :: 		
0x0520	0x3208      	RRCF        R8, 1, 0
;__Lib_MathDouble.c,662 :: 		
0x0522	0x4E07      	DCFSNZ      R7, 1, 0
;__Lib_MathDouble.c,663 :: 		
0x0524	0xF003EF1C  	GOTO        BLIGNED32
;__Lib_MathDouble.c,664 :: 		
0x0528	0x90D8      	BCF         STATUS, 0, 0
;__Lib_MathDouble.c,665 :: 		
0x052A	0x3208      	RRCF        R8, 1, 0
;__Lib_MathDouble.c,666 :: 		
0x052C	0x4E07      	DCFSNZ      R7, 1, 0
;__Lib_MathDouble.c,667 :: 		
0x052E	0xF003EF1C  	GOTO        BLIGNED32
;__Lib_MathDouble.c,668 :: 		
0x0532	0x90D8      	BCF         STATUS, 0, 0
;__Lib_MathDouble.c,669 :: 		
0x0534	0x3208      	RRCF        R8, 1, 0
;__Lib_MathDouble.c,670 :: 		
0x0536	0xF003EF1C  	GOTO        BLIGNED32
;__Lib_MathDouble.c,672 :: 		
BNIB32B:
;__Lib_MathDouble.c,673 :: 		
0x053A	0x0E03      	MOVLW       3
;__Lib_MathDouble.c,674 :: 		
0x053C	0x6407      	CPFSGT      R7, 0
;__Lib_MathDouble.c,675 :: 		
0x053E	0xF002EFAE  	GOTO        BLOOP32B
;__Lib_MathDouble.c,676 :: 		
0x0542	0x5E07      	SUBWF       R7, 1, 0
;__Lib_MathDouble.c,677 :: 		
0x0544	0x3808      	SWAPF       R8, 0, 0
;__Lib_MathDouble.c,678 :: 		
0x0546	0x0B0F      	ANDLW       15
;__Lib_MathDouble.c,679 :: 		
0x0548	0x6E08      	MOVWF       R8, 0
;__Lib_MathDouble.c,680 :: 		
0x054A	0x3800      	SWAPF       R0, 0, 0
;__Lib_MathDouble.c,681 :: 		
0x054C	0x0BF0      	ANDLW       240
;__Lib_MathDouble.c,682 :: 		
0x054E	0x2608      	ADDWF       R8, 1, 0
;__Lib_MathDouble.c,683 :: 		
0x0550	0x3800      	SWAPF       R0, 0, 0
;__Lib_MathDouble.c,684 :: 		
0x0552	0x0B0F      	ANDLW       15
;__Lib_MathDouble.c,685 :: 		
0x0554	0x6E00      	MOVWF       R0, 0
;__Lib_MathDouble.c,686 :: 		
0x0556	0x4E07      	DCFSNZ      R7, 1, 0
;__Lib_MathDouble.c,687 :: 		
0x0558	0xF003EF1C  	GOTO        BLIGNED32
;__Lib_MathDouble.c,689 :: 		
BLOOP32B:
;__Lib_MathDouble.c,690 :: 		
0x055C	0x90D8      	BCF         STATUS, 0, 0
;__Lib_MathDouble.c,691 :: 		
0x055E	0x3200      	RRCF        R0, 1, 0
;__Lib_MathDouble.c,692 :: 		
0x0560	0x3208      	RRCF        R8, 1, 0
;__Lib_MathDouble.c,693 :: 		
0x0562	0x4E07      	DCFSNZ      R7, 1, 0
;__Lib_MathDouble.c,694 :: 		
0x0564	0xF003EF1C  	GOTO        BLIGNED32
;__Lib_MathDouble.c,695 :: 		
0x0568	0x90D8      	BCF         STATUS, 0, 0
;__Lib_MathDouble.c,696 :: 		
0x056A	0x3200      	RRCF        R0, 1, 0
;__Lib_MathDouble.c,697 :: 		
0x056C	0x3208      	RRCF        R8, 1, 0
;__Lib_MathDouble.c,698 :: 		
0x056E	0x4E07      	DCFSNZ      R7, 1, 0
;__Lib_MathDouble.c,699 :: 		
0x0570	0xF003EF1C  	GOTO        BLIGNED32
;__Lib_MathDouble.c,700 :: 		
0x0574	0x90D8      	BCF         STATUS, 0, 0
;__Lib_MathDouble.c,701 :: 		
0x0576	0x3200      	RRCF        R0, 1, 0
;__Lib_MathDouble.c,702 :: 		
0x0578	0x3208      	RRCF        R8, 1, 0
;__Lib_MathDouble.c,703 :: 		
0x057A	0xF003EF1C  	GOTO        BLIGNED32
;__Lib_MathDouble.c,705 :: 		
BNIB32A:
;__Lib_MathDouble.c,706 :: 		
0x057E	0x0E03      	MOVLW       3
;__Lib_MathDouble.c,707 :: 		
0x0580	0x6407      	CPFSGT      R7, 0
;__Lib_MathDouble.c,708 :: 		
0x0582	0xF002EFD6  	GOTO        BLOOP32A
;__Lib_MathDouble.c,709 :: 		
0x0586	0x5E07      	SUBWF       R7, 1, 0
;__Lib_MathDouble.c,710 :: 		
0x0588	0x3808      	SWAPF       R8, 0, 0
;__Lib_MathDouble.c,711 :: 		
0x058A	0x0B0F      	ANDLW       15
;__Lib_MathDouble.c,712 :: 		
0x058C	0x6E08      	MOVWF       R8, 0
;__Lib_MathDouble.c,713 :: 		
0x058E	0x3800      	SWAPF       R0, 0, 0
;__Lib_MathDouble.c,714 :: 		
0x0590	0x0BF0      	ANDLW       240
;__Lib_MathDouble.c,715 :: 		
0x0592	0x2608      	ADDWF       R8, 1, 0
;__Lib_MathDouble.c,716 :: 		
0x0594	0x3800      	SWAPF       R0, 0, 0
;__Lib_MathDouble.c,717 :: 		
0x0596	0x0B0F      	ANDLW       15
;__Lib_MathDouble.c,718 :: 		
0x0598	0x6E00      	MOVWF       R0, 0
;__Lib_MathDouble.c,719 :: 		
0x059A	0x3801      	SWAPF       R1, 0, 0
;__Lib_MathDouble.c,720 :: 		
0x059C	0x0BF0      	ANDLW       240
;__Lib_MathDouble.c,721 :: 		
0x059E	0x2600      	ADDWF       R0, 1, 0
;__Lib_MathDouble.c,722 :: 		
0x05A0	0x3801      	SWAPF       R1, 0, 0
;__Lib_MathDouble.c,723 :: 		
0x05A2	0x0B0F      	ANDLW       15
;__Lib_MathDouble.c,724 :: 		
0x05A4	0x6E01      	MOVWF       R1, 0
;__Lib_MathDouble.c,725 :: 		
0x05A6	0x4E07      	DCFSNZ      R7, 1, 0
;__Lib_MathDouble.c,726 :: 		
0x05A8	0xF003EF1C  	GOTO        BLIGNED32
;__Lib_MathDouble.c,728 :: 		
BLOOP32A:
;__Lib_MathDouble.c,729 :: 		
0x05AC	0x90D8      	BCF         STATUS, 0, 0
;__Lib_MathDouble.c,730 :: 		
0x05AE	0x3201      	RRCF        R1, 1, 0
;__Lib_MathDouble.c,731 :: 		
0x05B0	0x3200      	RRCF        R0, 1, 0
;__Lib_MathDouble.c,732 :: 		
0x05B2	0x3208      	RRCF        R8, 1, 0
;__Lib_MathDouble.c,733 :: 		
0x05B4	0x4E07      	DCFSNZ      R7, 1, 0
;__Lib_MathDouble.c,734 :: 		
0x05B6	0xF003EF1C  	GOTO        BLIGNED32
;__Lib_MathDouble.c,735 :: 		
0x05BA	0x90D8      	BCF         STATUS, 0, 0
;__Lib_MathDouble.c,736 :: 		
0x05BC	0x3201      	RRCF        R1, 1, 0
;__Lib_MathDouble.c,737 :: 		
0x05BE	0x3200      	RRCF        R0, 1, 0
;__Lib_MathDouble.c,738 :: 		
0x05C0	0x3208      	RRCF        R8, 1, 0
;__Lib_MathDouble.c,739 :: 		
0x05C2	0x4E07      	DCFSNZ      R7, 1, 0
;__Lib_MathDouble.c,740 :: 		
0x05C4	0xF003EF1C  	GOTO        BLIGNED32
;__Lib_MathDouble.c,741 :: 		
0x05C8	0x90D8      	BCF         STATUS, 0, 0
;__Lib_MathDouble.c,742 :: 		
0x05CA	0x3201      	RRCF        R1, 1, 0
;__Lib_MathDouble.c,743 :: 		
0x05CC	0x3200      	RRCF        R0, 1, 0
;__Lib_MathDouble.c,744 :: 		
0x05CE	0x3208      	RRCF        R8, 1, 0
;__Lib_MathDouble.c,745 :: 		
0x05D0	0xF003EF1C  	GOTO        BLIGNED32
;__Lib_MathDouble.c,747 :: 		
BNIB32:
;__Lib_MathDouble.c,748 :: 		
0x05D4	0x0E03      	MOVLW       3
;__Lib_MathDouble.c,749 :: 		
0x05D6	0x6407      	CPFSGT      R7, 0
;__Lib_MathDouble.c,750 :: 		
0x05D8	0xF003EF07  	GOTO        BLOOP32
;__Lib_MathDouble.c,751 :: 		
0x05DC	0x5E07      	SUBWF       R7, 1, 0
;__Lib_MathDouble.c,752 :: 		
0x05DE	0x3808      	SWAPF       R8, 0, 0
;__Lib_MathDouble.c,753 :: 		
0x05E0	0x0B0F      	ANDLW       15
;__Lib_MathDouble.c,754 :: 		
0x05E2	0x6E08      	MOVWF       R8, 0
;__Lib_MathDouble.c,755 :: 		
0x05E4	0x3800      	SWAPF       R0, 0, 0
;__Lib_MathDouble.c,756 :: 		
0x05E6	0x0BF0      	ANDLW       240
;__Lib_MathDouble.c,757 :: 		
0x05E8	0x2608      	ADDWF       R8, 1, 0
;__Lib_MathDouble.c,758 :: 		
0x05EA	0x3800      	SWAPF       R0, 0, 0
;__Lib_MathDouble.c,759 :: 		
0x05EC	0x0B0F      	ANDLW       15
;__Lib_MathDouble.c,760 :: 		
0x05EE	0x6E00      	MOVWF       R0, 0
;__Lib_MathDouble.c,761 :: 		
0x05F0	0x3801      	SWAPF       R1, 0, 0
;__Lib_MathDouble.c,762 :: 		
0x05F2	0x0BF0      	ANDLW       240
;__Lib_MathDouble.c,763 :: 		
0x05F4	0x2600      	ADDWF       R0, 1, 0
;__Lib_MathDouble.c,764 :: 		
0x05F6	0x3801      	SWAPF       R1, 0, 0
;__Lib_MathDouble.c,765 :: 		
0x05F8	0x0B0F      	ANDLW       15
;__Lib_MathDouble.c,766 :: 		
0x05FA	0x6E01      	MOVWF       R1, 0
;__Lib_MathDouble.c,767 :: 		
0x05FC	0x3802      	SWAPF       R2, 0, 0
;__Lib_MathDouble.c,768 :: 		
0x05FE	0x0BF0      	ANDLW       240
;__Lib_MathDouble.c,769 :: 		
0x0600	0x2601      	ADDWF       R1, 1, 0
;__Lib_MathDouble.c,770 :: 		
0x0602	0x3802      	SWAPF       R2, 0, 0
;__Lib_MathDouble.c,771 :: 		
0x0604	0x0B0F      	ANDLW       15
;__Lib_MathDouble.c,772 :: 		
0x0606	0x6E02      	MOVWF       R2, 0
;__Lib_MathDouble.c,773 :: 		
0x0608	0x4E07      	DCFSNZ      R7, 1, 0
;__Lib_MathDouble.c,774 :: 		
0x060A	0xF003EF1C  	GOTO        BLIGNED32
;__Lib_MathDouble.c,776 :: 		
BLOOP32:
;__Lib_MathDouble.c,777 :: 		
0x060E	0x90D8      	BCF         STATUS, 0, 0
;__Lib_MathDouble.c,778 :: 		
0x0610	0x3202      	RRCF        R2, 1, 0
;__Lib_MathDouble.c,779 :: 		
0x0612	0x3201      	RRCF        R1, 1, 0
;__Lib_MathDouble.c,780 :: 		
0x0614	0x3200      	RRCF        R0, 1, 0
;__Lib_MathDouble.c,781 :: 		
0x0616	0x3208      	RRCF        R8, 1, 0
;__Lib_MathDouble.c,782 :: 		
0x0618	0x4E07      	DCFSNZ      R7, 1, 0
;__Lib_MathDouble.c,783 :: 		
0x061A	0xF003EF1C  	GOTO        BLIGNED32
;__Lib_MathDouble.c,784 :: 		
0x061E	0x90D8      	BCF         STATUS, 0, 0
;__Lib_MathDouble.c,785 :: 		
0x0620	0x3202      	RRCF        R2, 1, 0
;__Lib_MathDouble.c,786 :: 		
0x0622	0x3201      	RRCF        R1, 1, 0
;__Lib_MathDouble.c,787 :: 		
0x0624	0x3200      	RRCF        R0, 1, 0
;__Lib_MathDouble.c,788 :: 		
0x0626	0x3208      	RRCF        R8, 1, 0
;__Lib_MathDouble.c,789 :: 		
0x0628	0x4E07      	DCFSNZ      R7, 1, 0
;__Lib_MathDouble.c,790 :: 		
0x062A	0xF003EF1C  	GOTO        BLIGNED32
;__Lib_MathDouble.c,791 :: 		
0x062E	0x90D8      	BCF         STATUS, 0, 0
;__Lib_MathDouble.c,792 :: 		
0x0630	0x3202      	RRCF        R2, 1, 0
;__Lib_MathDouble.c,793 :: 		
0x0632	0x3201      	RRCF        R1, 1, 0
;__Lib_MathDouble.c,794 :: 		
0x0634	0x3200      	RRCF        R0, 1, 0
;__Lib_MathDouble.c,795 :: 		
0x0636	0x3208      	RRCF        R8, 1, 0
;__Lib_MathDouble.c,797 :: 		
BLIGNED32:
;__Lib_MathDouble.c,798 :: 		
0x0638	0x6A09      	CLRF        R9, 0
;__Lib_MathDouble.c,799 :: 		
0x063A	0x0E00      	MOVLW       0
;__Lib_MathDouble.c,800 :: 		
0x063C	0xAE0E      	BTFSS       R14, 7, 0
;__Lib_MathDouble.c,801 :: 		
0x063E	0xF004EF10  	GOTO        AOK32
;__Lib_MathDouble.c,802 :: 		
0x0642	0x1E08      	COMF        R8, 1, 0
;__Lib_MathDouble.c,803 :: 		
0x0644	0x1E00      	COMF        R0, 1, 0
;__Lib_MathDouble.c,804 :: 		
0x0646	0x1E01      	COMF        R1, 1, 0
;__Lib_MathDouble.c,805 :: 		
0x0648	0x1E02      	COMF        R2, 1, 0
;__Lib_MathDouble.c,806 :: 		
0x064A	0x2A08      	INCF        R8, 1, 0
;__Lib_MathDouble.c,807 :: 		
0x064C	0x2200      	ADDWFC      R0, 1, 0
;__Lib_MathDouble.c,808 :: 		
0x064E	0x2201      	ADDWFC      R1, 1, 0
;__Lib_MathDouble.c,809 :: 		
0x0650	0x2202      	ADDWFC      R2, 1, 0
;__Lib_MathDouble.c,810 :: 		
0x0652	0xF004EF10  	GOTO        AOK32
;__Lib_MathDouble.c,812 :: 		
USEA32:
;__Lib_MathDouble.c,813 :: 		
0x0656	0x5007      	MOVF        R7, 0, 0
;__Lib_MathDouble.c,814 :: 		
0x0658	0xA4D8      	BTFSS       STATUS, 2, 0
;__Lib_MathDouble.c,815 :: 		
0x065A	0xF003EF31  	GOTO        BNE032
;__Lib_MathDouble.c,816 :: 		
0x065E	0xF004EF48  	GOTO        ADDEOK
;__Lib_MathDouble.c,818 :: 		
BNE032:
;__Lib_MathDouble.c,819 :: 		
0x0662	0x6A09      	CLRF        R9, 0
;__Lib_MathDouble.c,820 :: 		
0x0664	0xF00AC002  	MOVFF       R2, R10
;__Lib_MathDouble.c,821 :: 		
0x0668	0x8E02      	BSF         R2, 7, 0
;__Lib_MathDouble.c,822 :: 		
0x066A	0x8E06      	BSF         R6, 7, 0
;__Lib_MathDouble.c,824 :: 		
0x066C	0x5007      	MOVF        R7, 0, 0
;__Lib_MathDouble.c,825 :: 		
0x066E	0x5C03      	SUBWF       R3, 0, 0
;__Lib_MathDouble.c,826 :: 		
0x0670	0x6E07      	MOVWF       R7, 0
;__Lib_MathDouble.c,827 :: 		
0x0672	0xB4D8      	BTFSC       STATUS, 2, 0
;__Lib_MathDouble.c,828 :: 		
0x0674	0xF004EF03  	GOTO        ALIGNED32
;__Lib_MathDouble.c,830 :: 		
0x0678	0x0E07      	MOVLW       7
;__Lib_MathDouble.c,831 :: 		
0x067A	0x6407      	CPFSGT      R7, 0
;__Lib_MathDouble.c,832 :: 		
0x067C	0xF003EFD1  	GOTO        ANIB32
;__Lib_MathDouble.c,833 :: 		
0x0680	0x5E07      	SUBWF       R7, 1, 0
;__Lib_MathDouble.c,834 :: 		
0x0682	0x5004      	MOVF        R4, 0, 0
;__Lib_MathDouble.c,835 :: 		
0x0684	0x6E09      	MOVWF       R9, 0
;__Lib_MathDouble.c,836 :: 		
0x0686	0x5005      	MOVF        R5, 0, 0
;__Lib_MathDouble.c,837 :: 		
0x0688	0x6E04      	MOVWF       R4, 0
;__Lib_MathDouble.c,838 :: 		
0x068A	0x5006      	MOVF        R6, 0, 0
;__Lib_MathDouble.c,839 :: 		
0x068C	0x6E05      	MOVWF       R5, 0
;__Lib_MathDouble.c,840 :: 		
0x068E	0x6A06      	CLRF        R6, 0
;__Lib_MathDouble.c,841 :: 		
0x0690	0x4E07      	DCFSNZ      R7, 1, 0
;__Lib_MathDouble.c,842 :: 		
0x0692	0xF004EF03  	GOTO        ALIGNED32
;__Lib_MathDouble.c,844 :: 		
0x0696	0x0E07      	MOVLW       7
;__Lib_MathDouble.c,845 :: 		
0x0698	0x6407      	CPFSGT      R7, 0
;__Lib_MathDouble.c,846 :: 		
0x069A	0xF003EFA6  	GOTO        ANIB32A
;__Lib_MathDouble.c,847 :: 		
0x069E	0x5E07      	SUBWF       R7, 1, 0
;__Lib_MathDouble.c,848 :: 		
0x06A0	0x5004      	MOVF        R4, 0, 0
;__Lib_MathDouble.c,849 :: 		
0x06A2	0x6E09      	MOVWF       R9, 0
;__Lib_MathDouble.c,850 :: 		
0x06A4	0x5005      	MOVF        R5, 0, 0
;__Lib_MathDouble.c,851 :: 		
0x06A6	0x6E04      	MOVWF       R4, 0
;__Lib_MathDouble.c,852 :: 		
0x06A8	0x6A05      	CLRF        R5, 0
;__Lib_MathDouble.c,853 :: 		
0x06AA	0x4E07      	DCFSNZ      R7, 1, 0
;__Lib_MathDouble.c,854 :: 		
0x06AC	0xF004EF03  	GOTO        ALIGNED32
;__Lib_MathDouble.c,856 :: 		
0x06B0	0x0E07      	MOVLW       7
;__Lib_MathDouble.c,857 :: 		
0x06B2	0x6407      	CPFSGT      R7, 0
;__Lib_MathDouble.c,858 :: 		
0x06B4	0xF003EF84  	GOTO        ANIB32B
;__Lib_MathDouble.c,859 :: 		
0x06B8	0x5E07      	SUBWF       R7, 1, 0
;__Lib_MathDouble.c,860 :: 		
0x06BA	0x5004      	MOVF        R4, 0, 0
;__Lib_MathDouble.c,861 :: 		
0x06BC	0x6E09      	MOVWF       R9, 0
;__Lib_MathDouble.c,862 :: 		
0x06BE	0x6A04      	CLRF        R4, 0
;__Lib_MathDouble.c,863 :: 		
0x06C0	0x4E07      	DCFSNZ      R7, 1, 0
;__Lib_MathDouble.c,864 :: 		
0x06C2	0xF004EF03  	GOTO        ALIGNED32
;__Lib_MathDouble.c,866 :: 		
0x06C6	0x0E07      	MOVLW       7
;__Lib_MathDouble.c,867 :: 		
0x06C8	0x6407      	CPFSGT      R7, 0
;__Lib_MathDouble.c,868 :: 		
0x06CA	0xF003EF6B  	GOTO        ANIB32C
;__Lib_MathDouble.c,870 :: 		
0x06CE	0xF002C00A  	MOVFF       R10, R2
;__Lib_MathDouble.c,871 :: 		
0x06D2	0xF004EF48  	GOTO        ADDEOK
;__Lib_MathDouble.c,873 :: 		
ANIB32C:
;__Lib_MathDouble.c,874 :: 		
0x06D6	0x0E03      	MOVLW       3
;__Lib_MathDouble.c,875 :: 		
0x06D8	0x6407      	CPFSGT      R7, 0
;__Lib_MathDouble.c,876 :: 		
0x06DA	0xF003EF76  	GOTO        ALOOP32C
;__Lib_MathDouble.c,877 :: 		
0x06DE	0x5E07      	SUBWF       R7, 1, 0
;__Lib_MathDouble.c,878 :: 		
0x06E0	0x3809      	SWAPF       R9, 0, 0
;__Lib_MathDouble.c,879 :: 		
0x06E2	0x0B0F      	ANDLW       15
;__Lib_MathDouble.c,880 :: 		
0x06E4	0x6E09      	MOVWF       R9, 0
;__Lib_MathDouble.c,881 :: 		
0x06E6	0x4E07      	DCFSNZ      R7, 1, 0
;__Lib_MathDouble.c,882 :: 		
0x06E8	0xF004EF03  	GOTO        ALIGNED32
;__Lib_MathDouble.c,884 :: 		
ALOOP32C:
;__Lib_MathDouble.c,885 :: 		
0x06EC	0x90D8      	BCF         STATUS, 0, 0
;__Lib_MathDouble.c,886 :: 		
0x06EE	0x3209      	RRCF        R9, 1, 0
;__Lib_MathDouble.c,887 :: 		
0x06F0	0x4E07      	DCFSNZ      R7, 1, 0
;__Lib_MathDouble.c,888 :: 		
0x06F2	0xF004EF03  	GOTO        ALIGNED32
;__Lib_MathDouble.c,889 :: 		
0x06F6	0x90D8      	BCF         STATUS, 0, 0
;__Lib_MathDouble.c,890 :: 		
0x06F8	0x3209      	RRCF        R9, 1, 0
;__Lib_MathDouble.c,891 :: 		
0x06FA	0x4E07      	DCFSNZ      R7, 1, 0
;__Lib_MathDouble.c,892 :: 		
0x06FC	0xF004EF03  	GOTO        ALIGNED32
;__Lib_MathDouble.c,893 :: 		
0x0700	0x90D8      	BCF         STATUS, 0, 0
;__Lib_MathDouble.c,894 :: 		
0x0702	0x3209      	RRCF        R9, 1, 0
;__Lib_MathDouble.c,895 :: 		
0x0704	0xF004EF03  	GOTO        ALIGNED32
;__Lib_MathDouble.c,897 :: 		
ANIB32B:
;__Lib_MathDouble.c,898 :: 		
0x0708	0x0E03      	MOVLW       3
;__Lib_MathDouble.c,899 :: 		
0x070A	0x6407      	CPFSGT      R7, 0
;__Lib_MathDouble.c,900 :: 		
0x070C	0xF003EF95  	GOTO        ALOOP32B
;__Lib_MathDouble.c,901 :: 		
0x0710	0x5E07      	SUBWF       R7, 1, 0
;__Lib_MathDouble.c,902 :: 		
0x0712	0x3809      	SWAPF       R9, 0, 0
;__Lib_MathDouble.c,903 :: 		
0x0714	0x0B0F      	ANDLW       15
;__Lib_MathDouble.c,904 :: 		
0x0716	0x6E09      	MOVWF       R9, 0
;__Lib_MathDouble.c,905 :: 		
0x0718	0x3804      	SWAPF       R4, 0, 0
;__Lib_MathDouble.c,906 :: 		
0x071A	0x0BF0      	ANDLW       240
;__Lib_MathDouble.c,907 :: 		
0x071C	0x2609      	ADDWF       R9, 1, 0
;__Lib_MathDouble.c,908 :: 		
0x071E	0x3804      	SWAPF       R4, 0, 0
;__Lib_MathDouble.c,909 :: 		
0x0720	0x0B0F      	ANDLW       15
;__Lib_MathDouble.c,910 :: 		
0x0722	0x6E04      	MOVWF       R4, 0
;__Lib_MathDouble.c,911 :: 		
0x0724	0x4E07      	DCFSNZ      R7, 1, 0
;__Lib_MathDouble.c,912 :: 		
0x0726	0xF004EF03  	GOTO        ALIGNED32
;__Lib_MathDouble.c,914 :: 		
ALOOP32B:
;__Lib_MathDouble.c,915 :: 		
0x072A	0x90D8      	BCF         STATUS, 0, 0
;__Lib_MathDouble.c,916 :: 		
0x072C	0x3204      	RRCF        R4, 1, 0
;__Lib_MathDouble.c,917 :: 		
0x072E	0x3209      	RRCF        R9, 1, 0
;__Lib_MathDouble.c,918 :: 		
0x0730	0x4E07      	DCFSNZ      R7, 1, 0
;__Lib_MathDouble.c,919 :: 		
0x0732	0xF004EF03  	GOTO        ALIGNED32
;__Lib_MathDouble.c,920 :: 		
0x0736	0x90D8      	BCF         STATUS, 0, 0
;__Lib_MathDouble.c,921 :: 		
0x0738	0x3204      	RRCF        R4, 1, 0
;__Lib_MathDouble.c,922 :: 		
0x073A	0x3209      	RRCF        R9, 1, 0
;__Lib_MathDouble.c,923 :: 		
0x073C	0x4E07      	DCFSNZ      R7, 1, 0
;__Lib_MathDouble.c,924 :: 		
0x073E	0xF004EF03  	GOTO        ALIGNED32
;__Lib_MathDouble.c,925 :: 		
0x0742	0x90D8      	BCF         STATUS, 0, 0
;__Lib_MathDouble.c,926 :: 		
0x0744	0x3204      	RRCF        R4, 1, 0
;__Lib_MathDouble.c,927 :: 		
0x0746	0x3209      	RRCF        R9, 1, 0
;__Lib_MathDouble.c,928 :: 		
0x0748	0xF004EF03  	GOTO        ALIGNED32
;__Lib_MathDouble.c,930 :: 		
ANIB32A:
;__Lib_MathDouble.c,931 :: 		
0x074C	0x0E03      	MOVLW       3
;__Lib_MathDouble.c,932 :: 		
0x074E	0x6407      	CPFSGT      R7, 0
;__Lib_MathDouble.c,933 :: 		
0x0750	0xF003EFBD  	GOTO        ALOOP32A
;__Lib_MathDouble.c,934 :: 		
0x0754	0x5E07      	SUBWF       R7, 1, 0
;__Lib_MathDouble.c,935 :: 		
0x0756	0x3809      	SWAPF       R9, 0, 0
;__Lib_MathDouble.c,936 :: 		
0x0758	0x0B0F      	ANDLW       15
;__Lib_MathDouble.c,937 :: 		
0x075A	0x6E09      	MOVWF       R9, 0
;__Lib_MathDouble.c,938 :: 		
0x075C	0x3804      	SWAPF       R4, 0, 0
;__Lib_MathDouble.c,939 :: 		
0x075E	0x0BF0      	ANDLW       240
;__Lib_MathDouble.c,940 :: 		
0x0760	0x2609      	ADDWF       R9, 1, 0
;__Lib_MathDouble.c,941 :: 		
0x0762	0x3804      	SWAPF       R4, 0, 0
;__Lib_MathDouble.c,942 :: 		
0x0764	0x0B0F      	ANDLW       15
;__Lib_MathDouble.c,943 :: 		
0x0766	0x6E04      	MOVWF       R4, 0
;__Lib_MathDouble.c,944 :: 		
0x0768	0x3805      	SWAPF       R5, 0, 0
;__Lib_MathDouble.c,945 :: 		
0x076A	0x0BF0      	ANDLW       240
;__Lib_MathDouble.c,946 :: 		
0x076C	0x2604      	ADDWF       R4, 1, 0
;__Lib_MathDouble.c,947 :: 		
0x076E	0x3805      	SWAPF       R5, 0, 0
;__Lib_MathDouble.c,948 :: 		
0x0770	0x0B0F      	ANDLW       15
;__Lib_MathDouble.c,949 :: 		
0x0772	0x6E05      	MOVWF       R5, 0
;__Lib_MathDouble.c,950 :: 		
0x0774	0x4E07      	DCFSNZ      R7, 1, 0
;__Lib_MathDouble.c,951 :: 		
0x0776	0xF004EF03  	GOTO        ALIGNED32
;__Lib_MathDouble.c,953 :: 		
ALOOP32A:
;__Lib_MathDouble.c,954 :: 		
0x077A	0x90D8      	BCF         STATUS, 0, 0
;__Lib_MathDouble.c,955 :: 		
0x077C	0x3205      	RRCF        R5, 1, 0
;__Lib_MathDouble.c,956 :: 		
0x077E	0x3204      	RRCF        R4, 1, 0
;__Lib_MathDouble.c,957 :: 		
0x0780	0x3209      	RRCF        R9, 1, 0
;__Lib_MathDouble.c,958 :: 		
0x0782	0x4E07      	DCFSNZ      R7, 1, 0
;__Lib_MathDouble.c,959 :: 		
0x0784	0xF004EF03  	GOTO        ALIGNED32
;__Lib_MathDouble.c,960 :: 		
0x0788	0x90D8      	BCF         STATUS, 0, 0
;__Lib_MathDouble.c,961 :: 		
0x078A	0x3205      	RRCF        R5, 1, 0
;__Lib_MathDouble.c,962 :: 		
0x078C	0x3204      	RRCF        R4, 1, 0
;__Lib_MathDouble.c,963 :: 		
0x078E	0x3209      	RRCF        R9, 1, 0
;__Lib_MathDouble.c,964 :: 		
0x0790	0x4E07      	DCFSNZ      R7, 1, 0
;__Lib_MathDouble.c,965 :: 		
0x0792	0xF004EF03  	GOTO        ALIGNED32
;__Lib_MathDouble.c,966 :: 		
0x0796	0x90D8      	BCF         STATUS, 0, 0
;__Lib_MathDouble.c,967 :: 		
0x0798	0x3205      	RRCF        R5, 1, 0
;__Lib_MathDouble.c,968 :: 		
0x079A	0x3204      	RRCF        R4, 1, 0
;__Lib_MathDouble.c,969 :: 		
0x079C	0x3209      	RRCF        R9, 1, 0
;__Lib_MathDouble.c,970 :: 		
0x079E	0xF004EF03  	GOTO        ALIGNED32
;__Lib_MathDouble.c,972 :: 		
ANIB32:
;__Lib_MathDouble.c,973 :: 		
0x07A2	0x0E03      	MOVLW       3
;__Lib_MathDouble.c,974 :: 		
0x07A4	0x6407      	CPFSGT      R7, 0
;__Lib_MathDouble.c,975 :: 		
0x07A6	0xF003EFEE  	GOTO        ALOOP32
;__Lib_MathDouble.c,976 :: 		
0x07AA	0x5E07      	SUBWF       R7, 1, 0
;__Lib_MathDouble.c,977 :: 		
0x07AC	0x3809      	SWAPF       R9, 0, 0
;__Lib_MathDouble.c,978 :: 		
0x07AE	0x0B0F      	ANDLW       15
;__Lib_MathDouble.c,979 :: 		
0x07B0	0x6E09      	MOVWF       R9, 0
;__Lib_MathDouble.c,980 :: 		
0x07B2	0x3804      	SWAPF       R4, 0, 0
;__Lib_MathDouble.c,981 :: 		
0x07B4	0x0BF0      	ANDLW       240
;__Lib_MathDouble.c,982 :: 		
0x07B6	0x2609      	ADDWF       R9, 1, 0
;__Lib_MathDouble.c,983 :: 		
0x07B8	0x3804      	SWAPF       R4, 0, 0
;__Lib_MathDouble.c,984 :: 		
0x07BA	0x0B0F      	ANDLW       15
;__Lib_MathDouble.c,985 :: 		
0x07BC	0x6E04      	MOVWF       R4, 0
;__Lib_MathDouble.c,986 :: 		
0x07BE	0x3805      	SWAPF       R5, 0, 0
;__Lib_MathDouble.c,987 :: 		
0x07C0	0x0BF0      	ANDLW       240
;__Lib_MathDouble.c,988 :: 		
0x07C2	0x2604      	ADDWF       R4, 1, 0
;__Lib_MathDouble.c,989 :: 		
0x07C4	0x3805      	SWAPF       R5, 0, 0
;__Lib_MathDouble.c,990 :: 		
0x07C6	0x0B0F      	ANDLW       15
;__Lib_MathDouble.c,991 :: 		
0x07C8	0x6E05      	MOVWF       R5, 0
;__Lib_MathDouble.c,992 :: 		
0x07CA	0x3806      	SWAPF       R6, 0, 0
;__Lib_MathDouble.c,993 :: 		
0x07CC	0x0BF0      	ANDLW       240
;__Lib_MathDouble.c,994 :: 		
0x07CE	0x2605      	ADDWF       R5, 1, 0
;__Lib_MathDouble.c,995 :: 		
0x07D0	0x3806      	SWAPF       R6, 0, 0
;__Lib_MathDouble.c,996 :: 		
0x07D2	0x0B0F      	ANDLW       15
;__Lib_MathDouble.c,997 :: 		
0x07D4	0x6E06      	MOVWF       R6, 0
;__Lib_MathDouble.c,998 :: 		
0x07D6	0x4E07      	DCFSNZ      R7, 1, 0
;__Lib_MathDouble.c,999 :: 		
0x07D8	0xF004EF03  	GOTO        ALIGNED32
;__Lib_MathDouble.c,1001 :: 		
ALOOP32:
;__Lib_MathDouble.c,1002 :: 		
0x07DC	0x90D8      	BCF         STATUS, 0, 0
;__Lib_MathDouble.c,1003 :: 		
0x07DE	0x3206      	RRCF        R6, 1, 0
;__Lib_MathDouble.c,1004 :: 		
0x07E0	0x3205      	RRCF        R5, 1, 0
;__Lib_MathDouble.c,1005 :: 		
0x07E2	0x3204      	RRCF        R4, 1, 0
;__Lib_MathDouble.c,1006 :: 		
0x07E4	0x3209      	RRCF        R9, 1, 0
;__Lib_MathDouble.c,1007 :: 		
0x07E6	0x4E07      	DCFSNZ      R7, 1, 0
;__Lib_MathDouble.c,1008 :: 		
0x07E8	0xF004EF03  	GOTO        ALIGNED32
;__Lib_MathDouble.c,1009 :: 		
0x07EC	0x90D8      	BCF         STATUS, 0, 0
;__Lib_MathDouble.c,1010 :: 		
0x07EE	0x3206      	RRCF        R6, 1, 0
;__Lib_MathDouble.c,1011 :: 		
0x07F0	0x3205      	RRCF        R5, 1, 0
;__Lib_MathDouble.c,1012 :: 		
0x07F2	0x3204      	RRCF        R4, 1, 0
;__Lib_MathDouble.c,1013 :: 		
0x07F4	0x3209      	RRCF        R9, 1, 0
;__Lib_MathDouble.c,1014 :: 		
0x07F6	0x4E07      	DCFSNZ      R7, 1, 0
;__Lib_MathDouble.c,1015 :: 		
0x07F8	0xF004EF03  	GOTO        ALIGNED32
;__Lib_MathDouble.c,1016 :: 		
0x07FC	0x90D8      	BCF         STATUS, 0, 0
;__Lib_MathDouble.c,1017 :: 		
0x07FE	0x3206      	RRCF        R6, 1, 0
;__Lib_MathDouble.c,1018 :: 		
0x0800	0x3205      	RRCF        R5, 1, 0
;__Lib_MathDouble.c,1019 :: 		
0x0802	0x3204      	RRCF        R4, 1, 0
;__Lib_MathDouble.c,1020 :: 		
0x0804	0x3209      	RRCF        R9, 1, 0
;__Lib_MathDouble.c,1022 :: 		
ALIGNED32:
;__Lib_MathDouble.c,1023 :: 		
0x0806	0x6A08      	CLRF        R8, 0
;__Lib_MathDouble.c,1024 :: 		
0x0808	0x0E00      	MOVLW       0
;__Lib_MathDouble.c,1025 :: 		
0x080A	0xAE0E      	BTFSS       R14, 7, 0
;__Lib_MathDouble.c,1026 :: 		
0x080C	0xF004EF10  	GOTO        AOK32
;__Lib_MathDouble.c,1027 :: 		
0x0810	0x1E09      	COMF        R9, 1, 0
;__Lib_MathDouble.c,1028 :: 		
0x0812	0x1E04      	COMF        R4, 1, 0
;__Lib_MathDouble.c,1029 :: 		
0x0814	0x1E05      	COMF        R5, 1, 0
;__Lib_MathDouble.c,1030 :: 		
0x0816	0x1E06      	COMF        R6, 1, 0
;__Lib_MathDouble.c,1031 :: 		
0x0818	0x2A09      	INCF        R9, 1, 0
;__Lib_MathDouble.c,1032 :: 		
0x081A	0x2204      	ADDWFC      R4, 1, 0
;__Lib_MathDouble.c,1033 :: 		
0x081C	0x2205      	ADDWFC      R5, 1, 0
;__Lib_MathDouble.c,1034 :: 		
0x081E	0x2206      	ADDWFC      R6, 1, 0
;__Lib_MathDouble.c,1036 :: 		
AOK32:
;__Lib_MathDouble.c,1037 :: 		
0x0820	0x5009      	MOVF        R9, 0, 0
;__Lib_MathDouble.c,1038 :: 		
0x0822	0x2608      	ADDWF       R8, 1, 0
;__Lib_MathDouble.c,1039 :: 		
0x0824	0x5004      	MOVF        R4, 0, 0
;__Lib_MathDouble.c,1040 :: 		
0x0826	0x2200      	ADDWFC      R0, 1, 0
;__Lib_MathDouble.c,1041 :: 		
0x0828	0x5005      	MOVF        R5, 0, 0
;__Lib_MathDouble.c,1042 :: 		
0x082A	0x2201      	ADDWFC      R1, 1, 0
;__Lib_MathDouble.c,1043 :: 		
0x082C	0x5006      	MOVF        R6, 0, 0
;__Lib_MathDouble.c,1044 :: 		
0x082E	0x2202      	ADDWFC      R2, 1, 0
;__Lib_MathDouble.c,1046 :: 		
0x0830	0xBE0E      	BTFSC       R14, 7, 0
;__Lib_MathDouble.c,1047 :: 		
0x0832	0xF004EF27  	GOTO        ACOMP32
;__Lib_MathDouble.c,1048 :: 		
0x0836	0xA0D8      	BTFSS       STATUS, 0, 0
;__Lib_MathDouble.c,1049 :: 		
0x0838	0xF004EF36  	GOTO        ADDJPNRMRND4032
;__Lib_MathDouble.c,1051 :: 		
0x083C	0x3202      	RRCF        R2, 1, 0
;__Lib_MathDouble.c,1052 :: 		
0x083E	0x3201      	RRCF        R1, 1, 0
;__Lib_MathDouble.c,1053 :: 		
0x0840	0x3200      	RRCF        R0, 1, 0
;__Lib_MathDouble.c,1054 :: 		
0x0842	0x3208      	RRCF        R8, 1, 0
;__Lib_MathDouble.c,1055 :: 		
0x0844	0x3E03      	INCFSZ      R3, 1, 0
;__Lib_MathDouble.c,1056 :: 		
0x0846	0xF004EF36  	GOTO        ADDJPNRMRND4032
;__Lib_MathDouble.c,1057 :: 		
0x084A	0xF004EF42  	GOTO        ADDJPSETFOV32
;__Lib_MathDouble.c,1059 :: 		
ACOMP32:
;__Lib_MathDouble.c,1060 :: 		
0x084E	0xB0D8      	BTFSC       STATUS, 0, 0
;__Lib_MathDouble.c,1061 :: 		
0x0850	0xF004EF3C  	GOTO        ADDJPNRM4032
;__Lib_MathDouble.c,1062 :: 		
0x0854	0x0E00      	MOVLW       0
;__Lib_MathDouble.c,1063 :: 		
0x0856	0x1E08      	COMF        R8, 1, 0
;__Lib_MathDouble.c,1064 :: 		
0x0858	0x1E00      	COMF        R0, 1, 0
;__Lib_MathDouble.c,1065 :: 		
0x085A	0x1E01      	COMF        R1, 1, 0
;__Lib_MathDouble.c,1066 :: 		
0x085C	0x1E02      	COMF        R2, 1, 0
;__Lib_MathDouble.c,1067 :: 		
0x085E	0x2A08      	INCF        R8, 1, 0
;__Lib_MathDouble.c,1068 :: 		
0x0860	0x2200      	ADDWFC      R0, 1, 0
;__Lib_MathDouble.c,1069 :: 		
0x0862	0x2201      	ADDWFC      R1, 1, 0
;__Lib_MathDouble.c,1070 :: 		
0x0864	0x2202      	ADDWFC      R2, 1, 0
;__Lib_MathDouble.c,1071 :: 		
0x0866	0x7E0A      	BTG         R10, 7, 0
;__Lib_MathDouble.c,1072 :: 		
0x0868	0xF004EF3C  	GOTO        ADDJPNRM4032
;__Lib_MathDouble.c,1074 :: 		
ADDJPNRMRND4032:
;__Lib_MathDouble.c,1075 :: 		
0x086C	0x0E01      	MOVLW       1
;__Lib_MathDouble.c,1076 :: 		
0x086E	0x6E0C      	MOVWF       R12, 0
;__Lib_MathDouble.c,1078 :: 		
0x0870	0xF000EC32  	CALL        _NRM4032, 0
;__Lib_MathDouble.c,1080 :: 		
0x0874	0xF004EF4A  	GOTO        ADDEEE
;__Lib_MathDouble.c,1081 :: 		
ADDJPNRM4032:
;__Lib_MathDouble.c,1082 :: 		
0x0878	0x0E02      	MOVLW       2
;__Lib_MathDouble.c,1083 :: 		
0x087A	0x6E0C      	MOVWF       R12, 0
;__Lib_MathDouble.c,1085 :: 		
0x087C	0xF000EC32  	CALL        _NRM4032, 0
;__Lib_MathDouble.c,1087 :: 		
0x0880	0xF004EF4A  	GOTO        ADDEEE
;__Lib_MathDouble.c,1088 :: 		
ADDJPSETFOV32:
;__Lib_MathDouble.c,1089 :: 		
0x0884	0x0E04      	MOVLW       4
;__Lib_MathDouble.c,1090 :: 		
0x0886	0x6E0C      	MOVWF       R12, 0
;__Lib_MathDouble.c,1092 :: 		
0x0888	0xF000EC0E  	CALL        _SETFOV32, 0
;__Lib_MathDouble.c,1094 :: 		
0x088C	0xF004EF4A  	GOTO        ADDEEE
;__Lib_MathDouble.c,1095 :: 		
ADDEOK:
;__Lib_MathDouble.c,1096 :: 		
0x0890	0x0E00      	MOVLW       0
;__Lib_MathDouble.c,1097 :: 		
0x0892	0x6E0C      	MOVWF       R12, 0
;__Lib_MathDouble.c,1098 :: 		
ADDEEE:
;__Lib_MathDouble.c,1105 :: 		
L_end_Add_32x32_FP:
0x0894	0x0012      	RETURN      0
; end of _Add_32x32_FP
_main:
;Questao2.c,1 :: 		void main() {
;Questao2.c,4 :: 		TrisD = 0x00;
0x0896	0x6A95      	CLRF        TRISD 
;Questao2.c,5 :: 		TrisB = 0x0F;
0x0898	0x0E0F      	MOVLW       15
0x089A	0x6E93      	MOVWF       TRISB 
;Questao2.c,6 :: 		PortD = 0xFF;
0x089C	0x0EFF      	MOVLW       255
0x089E	0x6E83      	MOVWF       PORTD 
;Questao2.c,7 :: 		PortB = 0xFF;
0x08A0	0x0EFF      	MOVLW       255
0x08A2	0x6E81      	MOVWF       PORTB 
;Questao2.c,8 :: 		ADCON1 = 0x0F;
0x08A4	0x0E0F      	MOVLW       15
0x08A6	0x6EC1      	MOVWF       ADCON1 
;Questao2.c,9 :: 		CMCON = 7;
0x08A8	0x0E07      	MOVLW       7
0x08AA	0x6EB4      	MOVWF       CMCON 
;Questao2.c,10 :: 		RBPU_bit = 0;
0x08AC	0x9EF1      	BCF         RBPU_bit, BitPos(RBPU_bit+0) 
;Questao2.c,11 :: 		while(1){
L_main0:
;Questao2.c,12 :: 		x = ~PortB;
0x08AE	0x1C81      	COMF        PORTB, 0 
0x08B0	0x6E00      	MOVWF       R0 
;Questao2.c,13 :: 		y = -4.2 * x + 31;
0x08B2	0xDD67      	RCALL       _byte2double
0x08B4	0x0E66      	MOVLW       102
0x08B6	0x6E04      	MOVWF       R4 
0x08B8	0x0E66      	MOVLW       102
0x08BA	0x6E05      	MOVWF       R5 
0x08BC	0x0E86      	MOVLW       134
0x08BE	0x6E06      	MOVWF       R6 
0x08C0	0x0E81      	MOVLW       129
0x08C2	0x6E07      	MOVWF       R7 
0x08C4	0xDCCE      	RCALL       _Mul_32x32_FP
0x08C6	0x0E00      	MOVLW       0
0x08C8	0x6E04      	MOVWF       R4 
0x08CA	0x0E00      	MOVLW       0
0x08CC	0x6E05      	MOVWF       R5 
0x08CE	0x0E78      	MOVLW       120
0x08D0	0x6E06      	MOVWF       R6 
0x08D2	0x0E83      	MOVLW       131
0x08D4	0x6E07      	MOVWF       R7 
0x08D6	0xDDCC      	RCALL       _Add_32x32_FP
;Questao2.c,14 :: 		PortD = ~(int)y;
0x08D8	0xDD62      	RCALL       _double2int
0x08DA	0x1C00      	COMF        R0, 0 
0x08DC	0x6E83      	MOVWF       PORTD 
;Questao2.c,15 :: 		}
0x08DE	0xD7E7      	BRA         L_main0
;Questao2.c,17 :: 		}
L_end_main:
0x08E0	0xD7FF      	BRA         $+0
; end of _main
Symbol List:
//** Routines locations **
//ADDRESS    SIZE    PROCEDURE
//----------------------------------------------
0x001C      [24]    _SETFOV32
0x0034      [14]    _RES032
0x0042      [26]    _SETFUN32
0x005C       [8]    _FIXSIGN32
0x0064     [482]    _NRM4032
0x0246      [28]    _SETIOV3224
0x0262     [288]    _Mul_32x32_FP
0x0382      [28]    _byte2double
0x039E     [210]    _double2int
0x0470    [1062]    _Add_32x32_FP
0x0896      [76]    _main
//** Variables locations ** 
//ADDRESS    SIZE    VARIABLE
//----------------------------------------------
0x0000       [1]    R0
0x0001       [1]    R1
0x0002       [1]    R2
0x0003       [1]    R3
0x0004       [1]    R4
0x0005       [1]    R5
0x0006       [1]    R6
0x0007       [1]    R7
0x0008       [1]    R8
0x0009       [1]    R9
0x000A       [1]    R10
0x000B       [1]    R11
0x000C       [1]    R12
0x000D       [1]    R13
0x000E       [1]    R14
0x000F       [1]    R15
0x0010       [1]    R16
0x0011       [1]    R17
0x0012       [1]    R18
0x0013       [1]    R19
0x0014       [1]    R20
0x0F81       [1]    PORTB
0x0F83       [1]    PORTD
0x0F93       [1]    TRISB
0x0F95       [1]    TRISD
0x0FB4       [1]    CMCON
0x0FC1       [1]    ADCON1
0x0FD8       [1]    STATUS
0x0FD9       [1]    FSR2L
0x0FDA       [1]    FSR2H
0x0FDE       [1]    POSTINC2
0x0FE0       [1]    BSR
0x0FE1       [1]    FSR1L
0x0FE2       [1]    FSR1H
0x0FE4       [1]    PREINC1
0x0FE6       [1]    POSTINC1
0x0FE7       [1]    INDF1
0x0FE8       [1]    WREG
0x0FE9       [1]    FSR0L
0x0FEA       [1]    FSR0H
0x0FEE       [1]    POSTINC0
0x0FF1       [0]    RBPU_bit
0x0FF3       [1]    PRODL
0x0FF4       [1]    PRODH
0x0FF5       [1]    TABLAT
0x0FF6       [1]    TBLPTRL
0x0FF7       [1]    TBLPTRH
0x0FF8       [1]    TBLPTRU
