;  LST file generated by mikroListExporter - v.2.0 
; Date/Time: 30/04/2024 16:27:25
;----------------------------------------------

;Address Opcode 	ASM
0x0000	0xF000EF71  	GOTO        226
0x0004	0x0000      	NOP
0x0006	0x0000      	NOP
0x0008	0xF000EF0E  	GOTO        28
0x000C	0x0000      	NOP
0x000E	0x0000      	NOP
0x0010	0x0000      	NOP
0x0012	0x0000      	NOP
0x0014	0x0000      	NOP
0x0016	0x0000      	NOP
0x0018	0xF000EF3C  	GOTO        120
_interrupt:
;questao2.c,1 :: 		void interrupt(){
0x001C	0xF01EC000  	MOVFF       R0, 30
0x0020	0xF01DC00B  	MOVFF       R11, 29
0x0024	0xF01CC00C  	MOVFF       R12, 28
0x0028	0xF01BC00D  	MOVFF       R13, 27
;questao2.c,2 :: 		if(INT1IF_bit){
0x002C	0xA0F0      	BTFSS       INT1IF_bit, BitPos(INT1IF_bit+0) 
0x002E	0xD01B      	BRA         L_interrupt0
;questao2.c,3 :: 		unsigned short i = 0;
0x0030	0x6A20      	CLRF        interrupt_i_L1 
;questao2.c,4 :: 		INT1IF_bit = 0;
0x0032	0x90F0      	BCF         INT1IF_bit, BitPos(INT1IF_bit+0) 
;questao2.c,5 :: 		TrisD = 0xF0;
0x0034	0x0EF0      	MOVLW       240
0x0036	0x6E95      	MOVWF       TRISD 
;questao2.c,6 :: 		while(i < 20){
L_interrupt1:
0x0038	0x0E14      	MOVLW       20
0x003A	0x5C20      	SUBWF       interrupt_i_L1, 0 
0x003C	0xE211      	BC          L_interrupt2
;questao2.c,7 :: 		PortD = ~PortD;
0x003E	0x1E83      	COMF        PORTD, 1 
;questao2.c,8 :: 		delay_ms(250);
0x0040	0x0E07      	MOVLW       7
0x0042	0x6E0B      	MOVWF       R11, 0
0x0044	0x0E58      	MOVLW       88
0x0046	0x6E0C      	MOVWF       R12, 0
0x0048	0x0E59      	MOVLW       89
0x004A	0x6E0D      	MOVWF       R13, 0
L_interrupt3:
0x004C	0x2E0D      	DECFSZ      R13, 1, 0
0x004E	0xD7FE      	BRA         L_interrupt3
0x0050	0x2E0C      	DECFSZ      R12, 1, 0
0x0052	0xD7FC      	BRA         L_interrupt3
0x0054	0x2E0B      	DECFSZ      R11, 1, 0
0x0056	0xD7FA      	BRA         L_interrupt3
0x0058	0x0000      	NOP
0x005A	0x0000      	NOP
;questao2.c,9 :: 		i++;
0x005C	0x2A20      	INCF        interrupt_i_L1, 1 
;questao2.c,10 :: 		}
0x005E	0xD7EC      	BRA         L_interrupt1
L_interrupt2:
;questao2.c,11 :: 		TrisD = 0x00;
0x0060	0x6A95      	CLRF        TRISD 
;questao2.c,12 :: 		PortD = 0xFF;
0x0062	0x0EFF      	MOVLW       255
0x0064	0x6E83      	MOVWF       PORTD 
;questao2.c,13 :: 		}
L_interrupt0:
;questao2.c,14 :: 		}
L_end_interrupt:
L__interrupt12:
0x0066	0xF000C01E  	MOVFF       30, R0
0x006A	0xF00BC01D  	MOVFF       29, R11
0x006E	0xF00CC01C  	MOVFF       28, R12
0x0072	0xF00DC01B  	MOVFF       27, R13
0x0076	0x0011      	RETFIE      1
; end of _interrupt
_interrupt_low:
0x0078	0xF01AC00B  	MOVFF       R11, 26
0x007C	0xF019C00C  	MOVFF       R12, 25
0x0080	0xF018C00D  	MOVFF       R13, 24
0x0084	0x6E15      	MOVWF       ___Low_saveWREG 
0x0086	0xF016CFD8  	MOVFF       STATUS, ___Low_saveSTATUS
0x008A	0xF017CFE0  	MOVFF       BSR, ___Low_saveBSR
;questao2.c,15 :: 		void interrupt_low(){
;questao2.c,16 :: 		if(INT2IF_bit){
0x008E	0xA2F0      	BTFSS       INT2IF_bit, BitPos(INT2IF_bit+0) 
0x0090	0xD01B      	BRA         L_interrupt_low4
;questao2.c,17 :: 		unsigned short i = 0;
0x0092	0x6A1F      	CLRF        interrupt_low_i_L1 
;questao2.c,18 :: 		INT2IF_bit = 0;
0x0094	0x92F0      	BCF         INT2IF_bit, BitPos(INT2IF_bit+0) 
;questao2.c,19 :: 		TrisD = 0x0F;
0x0096	0x0E0F      	MOVLW       15
0x0098	0x6E95      	MOVWF       TRISD 
;questao2.c,20 :: 		while(i < 20){
L_interrupt_low5:
0x009A	0x0E14      	MOVLW       20
0x009C	0x5C1F      	SUBWF       interrupt_low_i_L1, 0 
0x009E	0xE211      	BC          L_interrupt_low6
;questao2.c,21 :: 		PortD = ~PortD;
0x00A0	0x1E83      	COMF        PORTD, 1 
;questao2.c,22 :: 		delay_ms(250);
0x00A2	0x0E07      	MOVLW       7
0x00A4	0x6E0B      	MOVWF       R11, 0
0x00A6	0x0E58      	MOVLW       88
0x00A8	0x6E0C      	MOVWF       R12, 0
0x00AA	0x0E59      	MOVLW       89
0x00AC	0x6E0D      	MOVWF       R13, 0
L_interrupt_low7:
0x00AE	0x2E0D      	DECFSZ      R13, 1, 0
0x00B0	0xD7FE      	BRA         L_interrupt_low7
0x00B2	0x2E0C      	DECFSZ      R12, 1, 0
0x00B4	0xD7FC      	BRA         L_interrupt_low7
0x00B6	0x2E0B      	DECFSZ      R11, 1, 0
0x00B8	0xD7FA      	BRA         L_interrupt_low7
0x00BA	0x0000      	NOP
0x00BC	0x0000      	NOP
;questao2.c,23 :: 		i++;
0x00BE	0x2A1F      	INCF        interrupt_low_i_L1, 1 
;questao2.c,24 :: 		}
0x00C0	0xD7EC      	BRA         L_interrupt_low5
L_interrupt_low6:
;questao2.c,25 :: 		TrisD = 0x00;
0x00C2	0x6A95      	CLRF        TRISD 
;questao2.c,26 :: 		PortD = 0xFF;
0x00C4	0x0EFF      	MOVLW       255
0x00C6	0x6E83      	MOVWF       PORTD 
;questao2.c,27 :: 		}
L_interrupt_low4:
;questao2.c,28 :: 		}
L_end_interrupt_low:
L__interrupt_low14:
0x00C8	0x5017      	MOVF        ___Low_saveBSR, 0 
0x00CA	0x6EE0      	MOVWF       BSR 
0x00CC	0x5016      	MOVF        ___Low_saveSTATUS, 0 
0x00CE	0x6ED8      	MOVWF       STATUS 
0x00D0	0x3A15      	SWAPF       ___Low_saveWREG, 1 
0x00D2	0x3815      	SWAPF       ___Low_saveWREG, 0 
0x00D4	0xF00BC01A  	MOVFF       26, R11
0x00D8	0xF00CC019  	MOVFF       25, R12
0x00DC	0xF00DC018  	MOVFF       24, R13
0x00E0	0x0010      	RETFIE      0
; end of _interrupt_low
_main:
;questao2.c,31 :: 		void main() {
;questao2.c,32 :: 		unsigned short x = 0, y = 0;
;questao2.c,33 :: 		TrisB = 0xFF;
0x00E2	0x0EFF      	MOVLW       255
0x00E4	0x6E93      	MOVWF       TRISB 
;questao2.c,34 :: 		TrisD = 0x00;
0x00E6	0x6A95      	CLRF        TRISD 
;questao2.c,35 :: 		PortB = 0xFF;
0x00E8	0x0EFF      	MOVLW       255
0x00EA	0x6E81      	MOVWF       PORTB 
;questao2.c,36 :: 		PortD = 0xFF;
0x00EC	0x0EFF      	MOVLW       255
0x00EE	0x6E83      	MOVWF       PORTD 
;questao2.c,37 :: 		CMCON = 7;
0x00F0	0x0E07      	MOVLW       7
0x00F2	0x6EB4      	MOVWF       CMCON 
;questao2.c,39 :: 		GIE_bit = 1;
0x00F4	0x8EF2      	BSF         GIE_bit, BitPos(GIE_bit+0) 
;questao2.c,40 :: 		PEIE_bit = 1;
0x00F6	0x8CF2      	BSF         PEIE_bit, BitPos(PEIE_bit+0) 
;questao2.c,41 :: 		ADCON1 = 0x0F;
0x00F8	0x0E0F      	MOVLW       15
0x00FA	0x6EC1      	MOVWF       ADCON1 
;questao2.c,42 :: 		IPEN_bit = 1;
0x00FC	0x8ED0      	BSF         IPEN_bit, BitPos(IPEN_bit+0) 
;questao2.c,44 :: 		INT1IE_bit = 1;
0x00FE	0x86F0      	BSF         INT1IE_bit, BitPos(INT1IE_bit+0) 
;questao2.c,45 :: 		INT2IE_bit = 1;
0x0100	0x88F0      	BSF         INT2IE_bit, BitPos(INT2IE_bit+0) 
;questao2.c,46 :: 		INT1IP_bit = 1;
0x0102	0x8CF0      	BSF         INT1IP_bit, BitPos(INT1IP_bit+0) 
;questao2.c,47 :: 		INT2IP_bit = 0;
0x0104	0x9EF0      	BCF         INT2IP_bit, BitPos(INT2IP_bit+0) 
;questao2.c,48 :: 		INTEDG1_bit = 1;
0x0106	0x8AF1      	BSF         INTEDG1_bit, BitPos(INTEDG1_bit+0) 
;questao2.c,49 :: 		INTEDG2_bit = 1;
0x0108	0x88F1      	BSF         INTEDG2_bit, BitPos(INTEDG2_bit+0) 
;questao2.c,51 :: 		while(1){
L_main8:
;questao2.c,52 :: 		PortD = ~PortD;
0x010A	0x1E83      	COMF        PORTD, 1 
;questao2.c,53 :: 		delay_ms(250);
0x010C	0x0E07      	MOVLW       7
0x010E	0x6E0B      	MOVWF       R11, 0
0x0110	0x0E58      	MOVLW       88
0x0112	0x6E0C      	MOVWF       R12, 0
0x0114	0x0E59      	MOVLW       89
0x0116	0x6E0D      	MOVWF       R13, 0
L_main10:
0x0118	0x2E0D      	DECFSZ      R13, 1, 0
0x011A	0xD7FE      	BRA         L_main10
0x011C	0x2E0C      	DECFSZ      R12, 1, 0
0x011E	0xD7FC      	BRA         L_main10
0x0120	0x2E0B      	DECFSZ      R11, 1, 0
0x0122	0xD7FA      	BRA         L_main10
0x0124	0x0000      	NOP
0x0126	0x0000      	NOP
;questao2.c,54 :: 		}
0x0128	0xD7F0      	BRA         L_main8
;questao2.c,57 :: 		}
L_end_main:
0x012A	0xD7FF      	BRA         $+0
; end of _main
Symbol List:
//** Routines locations **
//ADDRESS    SIZE    PROCEDURE
//----------------------------------------------
0x001C      [92]    _interrupt
0x0078     [106]    _interrupt_low
0x00E2      [74]    _main
//** Variables locations ** 
//ADDRESS    SIZE    VARIABLE
//----------------------------------------------
0x0000       [1]    R0
0x0001       [1]    R1
0x0002       [1]    R2
0x0003       [1]    R3
0x0004       [1]    R4
0x0005       [1]    R5
0x0006       [1]    R6
0x0007       [1]    R7
0x0008       [1]    R8
0x0009       [1]    R9
0x000A       [1]    R10
0x000B       [1]    R11
0x000C       [1]    R12
0x000D       [1]    R13
0x000E       [1]    R14
0x000F       [1]    R15
0x0010       [1]    R16
0x0011       [1]    R17
0x0012       [1]    R18
0x0013       [1]    R19
0x0014       [1]    R20
0x0015       [1]    ___Low_saveWREG
0x0016       [1]    ___Low_saveSTATUS
0x0017       [1]    ___Low_saveBSR
0x001F       [1]    interrupt_low_i_L1
0x0020       [1]    interrupt_i_L1
0x0F81       [1]    PORTB
0x0F83       [1]    PORTD
0x0F93       [1]    TRISB
0x0F95       [1]    TRISD
0x0FB4       [1]    CMCON
0x0FC1       [1]    ADCON1
0x0FD0       [0]    IPEN_bit
0x0FD8       [1]    STATUS
0x0FD9       [1]    FSR2L
0x0FDA       [1]    FSR2H
0x0FDE       [1]    POSTINC2
0x0FE0       [1]    BSR
0x0FE1       [1]    FSR1L
0x0FE2       [1]    FSR1H
0x0FE4       [1]    PREINC1
0x0FE6       [1]    POSTINC1
0x0FE7       [1]    INDF1
0x0FE8       [1]    WREG
0x0FE9       [1]    FSR0L
0x0FEA       [1]    FSR0H
0x0FEE       [1]    POSTINC0
0x0FF0       [0]    INT1IE_bit
0x0FF0       [0]    INT2IF_bit
0x0FF0       [0]    INT1IP_bit
0x0FF0       [0]    INT2IE_bit
0x0FF0       [0]    INT2IP_bit
0x0FF0       [0]    INT1IF_bit
0x0FF1       [0]    INTEDG2_bit
0x0FF1       [0]    INTEDG1_bit
0x0FF2       [0]    GIE_bit
0x0FF2       [0]    PEIE_bit
0x0FF3       [1]    PRODL
0x0FF4       [1]    PRODH
0x0FF5       [1]    TABLAT
0x0FF6       [1]    TBLPTRL
0x0FF7       [1]    TBLPTRH
0x0FF8       [1]    TBLPTRU
